# JRE version: OpenJDK Runtime Environment Temurin-21.0.5+11 (21.0.5+11) (build 21.0.5+11-LTS)
# Java VM: OpenJDK 64-Bit Server VM Temurin-21.0.5+11 (21.0.5+11-LTS, mixed mode, emulated-client, sharing, tiered, compressed oops, compressed class ptrs, g1 gc, windows-amd64)
GC Precious Log:
 CardTable entry size: 512
 Card Set container configuration: InlinePtr #cards 5 size 8 Array Of Cards #cards 12 size 40 Howl #buckets 4 coarsen threshold 1843 Howl Bitmap #cards 512 size 80 coarsen threshold 460 Card regions per heap region 1 cards per card region 2048
 CPUs: 8 total, 8 available
 Memory: 7975M
 Large Page Support: Disabled
 NUMA Support: Disabled
 Compressed Oops: Enabled (32-bit)
 Heap Region Size: 1M
 Heap Min Capacity: 8M
 Heap Initial Capacity: 126M
 Heap Max Capacity: 1G
 Pre-touch: Disabled
 Parallel Workers: 8
 Concurrent Workers: 2
 Concurrent Refinement Workers: 8
 Periodic GC: Disabled
Heap:
 garbage-first heap   total 105472K, used 42256K [0x00000000c0000000, 0x0000000100000000)
  region size 1024K, 1 young (1024K), 0 survivors (0K)
 Metaspace       used 54645K, committed 55872K, reserved 1114112K
  class space    used 6664K, committed 7168K, reserved 1048576K
GC Heap History (20 events):
Event: 147.283 GC heap after
{Heap after GC invocations=24 (full 11):
 garbage-first heap   total 105472K, used 42256K [0x00000000c0000000, 0x0000000100000000)
  region size 1024K, 0 young (0K), 0 survivors (0K)
 Metaspace       used 54645K, committed 55872K, reserved 1114112K
  class space    used 6664K, committed 7168K, reserved 1048576K
}
Event: 157.417 GC heap before
{Heap before GC invocations=24 (full 11):
 garbage-first heap   total 105472K, used 42256K [0x00000000c0000000, 0x0000000100000000)
  region size 1024K, 1 young (1024K), 0 survivors (0K)
 Metaspace       used 54645K, committed 55872K, reserved 1114112K
  class space    used 6664K, committed 7168K, reserved 1048576K
}
Event: 157.443 GC heap after
{Heap after GC invocations=25 (full 12):
 garbage-first heap   total 105472K, used 42256K [0x00000000c0000000, 0x0000000100000000)
  region size 1024K, 0 young (0K), 0 survivors (0K)
 Metaspace       used 54645K, committed 55872K, reserved 1114112K
  class space    used 6664K, committed 7168K, reserved 1048576K
}
Event: 167.623 GC heap before
{Heap before GC invocations=25 (full 12):
 garbage-first heap   total 105472K, used 42256K [0x00000000c0000000, 0x0000000100000000)
  region size 1024K, 1 young (1024K), 0 survivors (0K)
 Metaspace       used 54645K, committed 55872K, reserved 1114112K
  class space    used 6664K, committed 7168K, reserved 1048576K
}
Event: 167.647 GC heap after
{Heap after GC invocations=26 (full 13):
 garbage-first heap   total 105472K, used 42256K [0x00000000c0000000, 0x0000000100000000)
  region size 1024K, 0 young (0K), 0 survivors (0K)
 Metaspace       used 54645K, committed 55872K, reserved 1114112K
  class space    used 6664K, committed 7168K, reserved 1048576K
}
Event: 177.772 GC heap before
{Heap before GC invocations=26 (full 13):
 garbage-first heap   total 105472K, used 42256K [0x00000000c0000000, 0x0000000100000000)
  region size 1024K, 1 young (1024K), 0 survivors (0K)
 Metaspace       used 54645K, committed 55872K, reserved 1114112K
  class space    used 6664K, committed 7168K, reserved 1048576K
}
Event: 177.793 GC heap after
{Heap after GC invocations=27 (full 14):
 garbage-first heap   total 105472K, used 42256K [0x00000000c0000000, 0x0000000100000000)
  region size 1024K, 0 young (0K), 0 survivors (0K)
 Metaspace       used 54645K, committed 55872K, reserved 1114112K
  class space    used 6664K, committed 7168K, reserved 1048576K
}
Event: 187.908 GC heap before
{Heap before GC invocations=27 (full 14):
 garbage-first heap   total 105472K, used 42256K [0x00000000c0000000, 0x0000000100000000)
  region size 1024K, 1 young (1024K), 0 survivors (0K)
 Metaspace       used 54645K, committed 55872K, reserved 1114112K
  class space    used 6664K, committed 7168K, reserved 1048576K
}
Event: 187.931 GC heap after
{Heap after GC invocations=28 (full 15):
 garbage-first heap   total 105472K, used 42256K [0x00000000c0000000, 0x0000000100000000)
  region size 1024K, 0 young (0K), 0 survivors (0K)
 Metaspace       used 54645K, committed 55872K, reserved 1114112K
  class space    used 6664K, committed 7168K, reserved 1048576K
}
Event: 198.063 GC heap before
{Heap before GC invocations=28 (full 15):
 garbage-first heap   total 105472K, used 42256K [0x00000000c0000000, 0x0000000100000000)
  region size 1024K, 1 young (1024K), 0 survivors (0K)
 Metaspace       used 54645K, committed 55872K, reserved 1114112K
  class space    used 6664K, committed 7168K, reserved 1048576K
}
Event: 198.085 GC heap after
{Heap after GC invocations=29 (full 16):
 garbage-first heap   total 105472K, used 42256K [0x00000000c0000000, 0x0000000100000000)
  region size 1024K, 0 young (0K), 0 survivors (0K)
 Metaspace       used 54645K, committed 55872K, reserved 1114112K
  class space    used 6664K, committed 7168K, reserved 1048576K
}
Event: 208.274 GC heap before
{Heap before GC invocations=29 (full 16):
 garbage-first heap   total 105472K, used 42256K [0x00000000c0000000, 0x0000000100000000)
  region size 1024K, 1 young (1024K), 0 survivors (0K)
 Metaspace       used 54645K, committed 55872K, reserved 1114112K
  class space    used 6664K, committed 7168K, reserved 1048576K
}
Event: 208.311 GC heap after
{Heap after GC invocations=30 (full 17):
 garbage-first heap   total 105472K, used 42256K [0x00000000c0000000, 0x0000000100000000)
  region size 1024K, 0 young (0K), 0 survivors (0K)
 Metaspace       used 54645K, committed 55872K, reserved 1114112K
  class space    used 6664K, committed 7168K, reserved 1048576K
}
Event: 218.492 GC heap before
{Heap before GC invocations=30 (full 17):
 garbage-first heap   total 105472K, used 42256K [0x00000000c0000000, 0x0000000100000000)
  region size 1024K, 1 young (1024K), 0 survivors (0K)
 Metaspace       used 54645K, committed 55872K, reserved 1114112K
  class space    used 6664K, committed 7168K, reserved 1048576K
}
Event: 218.532 GC heap after
{Heap after GC invocations=31 (full 18):
 garbage-first heap   total 105472K, used 42256K [0x00000000c0000000, 0x0000000100000000)
  region size 1024K, 0 young (0K), 0 survivors (0K)
 Metaspace       used 54645K, committed 55872K, reserved 1114112K
  class space    used 6664K, committed 7168K, reserved 1048576K
}
Event: 228.701 GC heap before
{Heap before GC invocations=31 (full 18):
 garbage-first heap   total 105472K, used 42256K [0x00000000c0000000, 0x0000000100000000)
  region size 1024K, 1 young (1024K), 0 survivors (0K)
 Metaspace       used 54645K, committed 55872K, reserved 1114112K
  class space    used 6664K, committed 7168K, reserved 1048576K
}
Event: 228.730 GC heap after
{Heap after GC invocations=32 (full 19):
 garbage-first heap   total 105472K, used 42256K [0x00000000c0000000, 0x0000000100000000)
  region size 1024K, 0 young (0K), 0 survivors (0K)
 Metaspace       used 54645K, committed 55872K, reserved 1114112K
  class space    used 6664K, committed 7168K, reserved 1048576K
}
Event: 238.891 GC heap before
{Heap before GC invocations=32 (full 19):
 garbage-first heap   total 105472K, used 42256K [0x00000000c0000000, 0x0000000100000000)
  region size 1024K, 1 young (1024K), 0 survivors (0K)
 Metaspace       used 54645K, committed 55872K, reserved 1114112K
  class space    used 6664K, committed 7168K, reserved 1048576K
}
Event: 238.924 GC heap after
{Heap after GC invocations=33 (full 20):
 garbage-first heap   total 105472K, used 42256K [0x00000000c0000000, 0x0000000100000000)
  region size 1024K, 0 young (0K), 0 survivors (0K)
 Metaspace       used 54645K, committed 55872K, reserved 1114112K
  class space    used 6664K, committed 7168K, reserved 1048576K
}
Event: 249.071 GC heap before
{Heap before GC invocations=33 (full 20):
 garbage-first heap   total 105472K, used 42256K [0x00000000c0000000, 0x0000000100000000)
  region size 1024K, 1 young (1024K), 0 survivors (0K)
 Metaspace       used 54645K, committed 55872K, reserved 1114112K
  class space    used 6664K, committed 7168K, reserved 1048576K
}

