# JRE version: OpenJDK Runtime Environment Temurin-21.0.5+11 (21.0.5+11) (build 21.0.5+11-LTS)
# Java VM: OpenJDK 64-Bit Server VM Temurin-21.0.5+11 (21.0.5+11-LTS, mixed mode, emulated-client, sharing, tiered, compressed oops, compressed class ptrs, g1 gc, windows-amd64)
GC Precious Log:
 CardTable entry size: 512
 Card Set container configuration: InlinePtr #cards 5 size 8 Array Of Cards #cards 12 size 40 Howl #buckets 4 coarsen threshold 1843 Howl Bitmap #cards 512 size 80 coarsen threshold 460 Card regions per heap region 1 cards per card region 2048
 CPUs: 8 total, 8 available
 Memory: 7975M
 Large Page Support: Disabled
 NUMA Support: Disabled
 Compressed Oops: Enabled (32-bit)
 Heap Region Size: 1M
 Heap Min Capacity: 8M
 Heap Initial Capacity: 126M
 Heap Max Capacity: 1G
 Pre-touch: Disabled
 Parallel Workers: 8
 Concurrent Workers: 2
 Concurrent Refinement Workers: 8
 Periodic GC: Disabled
Heap:
 garbage-first heap   total 104448K, used 44347K [0x00000000c0000000, 0x0000000100000000)
  region size 1024K, 1 young (1024K), 0 survivors (0K)
 Metaspace       used 57387K, committed 58048K, reserved 1114112K
  class space    used 7112K, committed 7424K, reserved 1048576K
GC Heap History (20 events):
Event: 228.198 GC heap after
{Heap after GC invocations=23 (full 7):
 garbage-first heap   total 104448K, used 43036K [0x00000000c0000000, 0x0000000100000000)
  region size 1024K, 0 young (0K), 0 survivors (0K)
 Metaspace       used 56142K, committed 56960K, reserved 1114112K
  class space    used 6924K, committed 7296K, reserved 1048576K
}
Event: 238.224 GC heap before
{Heap before GC invocations=23 (full 7):
 garbage-first heap   total 104448K, used 43036K [0x00000000c0000000, 0x0000000100000000)
  region size 1024K, 1 young (1024K), 0 survivors (0K)
 Metaspace       used 56142K, committed 56960K, reserved 1114112K
  class space    used 6924K, committed 7296K, reserved 1048576K
}
Event: 238.251 GC heap after
{Heap after GC invocations=24 (full 8):
 garbage-first heap   total 104448K, used 43036K [0x00000000c0000000, 0x0000000100000000)
  region size 1024K, 0 young (0K), 0 survivors (0K)
 Metaspace       used 56142K, committed 56960K, reserved 1114112K
  class space    used 6924K, committed 7296K, reserved 1048576K
}
Event: 248.299 GC heap before
{Heap before GC invocations=24 (full 8):
 garbage-first heap   total 104448K, used 43036K [0x00000000c0000000, 0x0000000100000000)
  region size 1024K, 1 young (1024K), 0 survivors (0K)
 Metaspace       used 56142K, committed 56960K, reserved 1114112K
  class space    used 6924K, committed 7296K, reserved 1048576K
}
Event: 248.377 GC heap after
{Heap after GC invocations=25 (full 9):
 garbage-first heap   total 104448K, used 42444K [0x00000000c0000000, 0x0000000100000000)
  region size 1024K, 0 young (0K), 0 survivors (0K)
 Metaspace       used 56081K, committed 56960K, reserved 1114112K
  class space    used 6908K, committed 7296K, reserved 1048576K
}
Event: 249.595 GC heap before
{Heap before GC invocations=25 (full 9):
 garbage-first heap   total 104448K, used 48588K [0x00000000c0000000, 0x0000000100000000)
  region size 1024K, 5 young (5120K), 0 survivors (0K)
 Metaspace       used 56378K, committed 57088K, reserved 1114112K
  class space    used 6951K, committed 7296K, reserved 1048576K
}
Event: 249.596 GC heap after
{Heap after GC invocations=26 (full 9):
 garbage-first heap   total 104448K, used 44980K [0x00000000c0000000, 0x0000000100000000)
  region size 1024K, 1 young (1024K), 1 survivors (1024K)
 Metaspace       used 56378K, committed 57088K, reserved 1114112K
  class space    used 6951K, committed 7296K, reserved 1048576K
}
Event: 249.599 GC heap before
{Heap before GC invocations=26 (full 9):
 garbage-first heap   total 104448K, used 48052K [0x00000000c0000000, 0x0000000100000000)
  region size 1024K, 2 young (2048K), 1 survivors (1024K)
 Metaspace       used 56378K, committed 57088K, reserved 1114112K
  class space    used 6951K, committed 7296K, reserved 1048576K
}
Event: 249.600 GC heap after
{Heap after GC invocations=27 (full 9):
 garbage-first heap   total 104448K, used 45813K [0x00000000c0000000, 0x0000000100000000)
  region size 1024K, 1 young (1024K), 1 survivors (1024K)
 Metaspace       used 56378K, committed 57088K, reserved 1114112K
  class space    used 6951K, committed 7296K, reserved 1048576K
}
Event: 288.424 GC heap before
{Heap before GC invocations=27 (full 9):
 garbage-first heap   total 104448K, used 67317K [0x00000000c0000000, 0x0000000100000000)
  region size 1024K, 21 young (21504K), 1 survivors (1024K)
 Metaspace       used 57452K, committed 58048K, reserved 1114112K
  class space    used 7132K, committed 7424K, reserved 1048576K
}
Event: 288.512 GC heap after
{Heap after GC invocations=28 (full 10):
 garbage-first heap   total 104448K, used 44720K [0x00000000c0000000, 0x0000000100000000)
  region size 1024K, 0 young (0K), 0 survivors (0K)
 Metaspace       used 57420K, committed 58048K, reserved 1114112K
  class space    used 7124K, committed 7424K, reserved 1048576K
}
Event: 298.547 GC heap before
{Heap before GC invocations=28 (full 10):
 garbage-first heap   total 104448K, used 44720K [0x00000000c0000000, 0x0000000100000000)
  region size 1024K, 1 young (1024K), 0 survivors (0K)
 Metaspace       used 57420K, committed 58048K, reserved 1114112K
  class space    used 7124K, committed 7424K, reserved 1048576K
}
Event: 298.571 GC heap after
{Heap after GC invocations=29 (full 11):
 garbage-first heap   total 104448K, used 44728K [0x00000000c0000000, 0x0000000100000000)
  region size 1024K, 0 young (0K), 0 survivors (0K)
 Metaspace       used 57420K, committed 58048K, reserved 1114112K
  class space    used 7124K, committed 7424K, reserved 1048576K
}
Event: 308.614 GC heap before
{Heap before GC invocations=29 (full 11):
 garbage-first heap   total 104448K, used 44728K [0x00000000c0000000, 0x0000000100000000)
  region size 1024K, 1 young (1024K), 0 survivors (0K)
 Metaspace       used 57420K, committed 58048K, reserved 1114112K
  class space    used 7124K, committed 7424K, reserved 1048576K
}
Event: 308.639 GC heap after
{Heap after GC invocations=30 (full 12):
 garbage-first heap   total 104448K, used 44728K [0x00000000c0000000, 0x0000000100000000)
  region size 1024K, 0 young (0K), 0 survivors (0K)
 Metaspace       used 57420K, committed 58048K, reserved 1114112K
  class space    used 7124K, committed 7424K, reserved 1048576K
}
Event: 318.672 GC heap before
{Heap before GC invocations=30 (full 12):
 garbage-first heap   total 104448K, used 44728K [0x00000000c0000000, 0x0000000100000000)
  region size 1024K, 1 young (1024K), 0 survivors (0K)
 Metaspace       used 57420K, committed 58048K, reserved 1114112K
  class space    used 7124K, committed 7424K, reserved 1048576K
}
Event: 318.706 GC heap after
{Heap after GC invocations=31 (full 13):
 garbage-first heap   total 104448K, used 44347K [0x00000000c0000000, 0x0000000100000000)
  region size 1024K, 0 young (0K), 0 survivors (0K)
 Metaspace       used 57362K, committed 58048K, reserved 1114112K
  class space    used 7109K, committed 7424K, reserved 1048576K
}
Event: 10433.607 GC heap before
{Heap before GC invocations=31 (full 13):
 garbage-first heap   total 104448K, used 44347K [0x00000000c0000000, 0x0000000100000000)
  region size 1024K, 1 young (1024K), 0 survivors (0K)
 Metaspace       used 57362K, committed 58048K, reserved 1114112K
  class space    used 7109K, committed 7424K, reserved 1048576K
}
Event: 10433.731 GC heap after
{Heap after GC invocations=32 (full 14):
 garbage-first heap   total 104448K, used 44347K [0x00000000c0000000, 0x0000000100000000)
  region size 1024K, 0 young (0K), 0 survivors (0K)
 Metaspace       used 57362K, committed 58048K, reserved 1114112K
  class space    used 7109K, committed 7424K, reserved 1048576K
}
Event: 23034.089 GC heap before
{Heap before GC invocations=32 (full 14):
 garbage-first heap   total 104448K, used 44347K [0x00000000c0000000, 0x0000000100000000)
  region size 1024K, 1 young (1024K), 0 survivors (0K)
 Metaspace       used 57387K, committed 58048K, reserved 1114112K
  class space    used 7112K, committed 7424K, reserved 1048576K
}

