# JRE version: OpenJDK Runtime Environment Temurin-21.0.5+11 (21.0.5+11) (build 21.0.5+11-LTS)
# Java VM: OpenJDK 64-Bit Server VM Temurin-21.0.5+11 (21.0.5+11-LTS, mixed mode, emulated-client, sharing, tiered, compressed oops, compressed class ptrs, g1 gc, windows-amd64)
GC Precious Log:
 CardTable entry size: 512
 Card Set container configuration: InlinePtr #cards 5 size 8 Array Of Cards #cards 12 size 40 Howl #buckets 4 coarsen threshold 1843 Howl Bitmap #cards 512 size 80 coarsen threshold 460 Card regions per heap region 1 cards per card region 2048
 CPUs: 8 total, 8 available
 Memory: 7975M
 Large Page Support: Disabled
 NUMA Support: Disabled
 Compressed Oops: Enabled (32-bit)
 Heap Region Size: 1M
 Heap Min Capacity: 8M
 Heap Initial Capacity: 126M
 Heap Max Capacity: 1G
 Pre-touch: Disabled
 Parallel Workers: 8
 Concurrent Workers: 2
 Concurrent Refinement Workers: 8
 Periodic GC: Disabled
Heap:
 garbage-first heap   total 105472K, used 41729K [0x00000000c0000000, 0x0000000100000000)
  region size 1024K, 1 young (1024K), 0 survivors (0K)
 Metaspace       used 54766K, committed 55872K, reserved 1114112K
  class space    used 6716K, committed 7168K, reserved 1048576K
GC Heap History (20 events):
Event: 63087.226 GC heap after
{Heap after GC invocations=1037 (full 1026):
 garbage-first heap   total 105472K, used 41729K [0x00000000c0000000, 0x0000000100000000)
  region size 1024K, 0 young (0K), 0 survivors (0K)
 Metaspace       used 54766K, committed 55872K, reserved 1114112K
  class space    used 6716K, committed 7168K, reserved 1048576K
}
Event: 63097.365 GC heap before
{Heap before GC invocations=1037 (full 1026):
 garbage-first heap   total 105472K, used 41729K [0x00000000c0000000, 0x0000000100000000)
  region size 1024K, 1 young (1024K), 0 survivors (0K)
 Metaspace       used 54766K, committed 55872K, reserved 1114112K
  class space    used 6716K, committed 7168K, reserved 1048576K
}
Event: 63097.390 GC heap after
{Heap after GC invocations=1038 (full 1027):
 garbage-first heap   total 105472K, used 41729K [0x00000000c0000000, 0x0000000100000000)
  region size 1024K, 0 young (0K), 0 survivors (0K)
 Metaspace       used 54766K, committed 55872K, reserved 1114112K
  class space    used 6716K, committed 7168K, reserved 1048576K
}
Event: 63107.506 GC heap before
{Heap before GC invocations=1038 (full 1027):
 garbage-first heap   total 105472K, used 41729K [0x00000000c0000000, 0x0000000100000000)
  region size 1024K, 1 young (1024K), 0 survivors (0K)
 Metaspace       used 54766K, committed 55872K, reserved 1114112K
  class space    used 6716K, committed 7168K, reserved 1048576K
}
Event: 63107.527 GC heap after
{Heap after GC invocations=1039 (full 1028):
 garbage-first heap   total 105472K, used 41729K [0x00000000c0000000, 0x0000000100000000)
  region size 1024K, 0 young (0K), 0 survivors (0K)
 Metaspace       used 54766K, committed 55872K, reserved 1114112K
  class space    used 6716K, committed 7168K, reserved 1048576K
}
Event: 63117.662 GC heap before
{Heap before GC invocations=1039 (full 1028):
 garbage-first heap   total 105472K, used 41729K [0x00000000c0000000, 0x0000000100000000)
  region size 1024K, 1 young (1024K), 0 survivors (0K)
 Metaspace       used 54766K, committed 55872K, reserved 1114112K
  class space    used 6716K, committed 7168K, reserved 1048576K
}
Event: 63117.685 GC heap after
{Heap after GC invocations=1040 (full 1029):
 garbage-first heap   total 105472K, used 41729K [0x00000000c0000000, 0x0000000100000000)
  region size 1024K, 0 young (0K), 0 survivors (0K)
 Metaspace       used 54766K, committed 55872K, reserved 1114112K
  class space    used 6716K, committed 7168K, reserved 1048576K
}
Event: 63127.951 GC heap before
{Heap before GC invocations=1040 (full 1029):
 garbage-first heap   total 105472K, used 41729K [0x00000000c0000000, 0x0000000100000000)
  region size 1024K, 1 young (1024K), 0 survivors (0K)
 Metaspace       used 54766K, committed 55872K, reserved 1114112K
  class space    used 6716K, committed 7168K, reserved 1048576K
}
Event: 63127.993 GC heap after
{Heap after GC invocations=1041 (full 1030):
 garbage-first heap   total 105472K, used 41729K [0x00000000c0000000, 0x0000000100000000)
  region size 1024K, 0 young (0K), 0 survivors (0K)
 Metaspace       used 54766K, committed 55872K, reserved 1114112K
  class space    used 6716K, committed 7168K, reserved 1048576K
}
Event: 63138.158 GC heap before
{Heap before GC invocations=1041 (full 1030):
 garbage-first heap   total 105472K, used 41729K [0x00000000c0000000, 0x0000000100000000)
  region size 1024K, 1 young (1024K), 0 survivors (0K)
 Metaspace       used 54766K, committed 55872K, reserved 1114112K
  class space    used 6716K, committed 7168K, reserved 1048576K
}
Event: 63138.184 GC heap after
{Heap after GC invocations=1042 (full 1031):
 garbage-first heap   total 105472K, used 41729K [0x00000000c0000000, 0x0000000100000000)
  region size 1024K, 0 young (0K), 0 survivors (0K)
 Metaspace       used 54766K, committed 55872K, reserved 1114112K
  class space    used 6716K, committed 7168K, reserved 1048576K
}
Event: 63148.345 GC heap before
{Heap before GC invocations=1042 (full 1031):
 garbage-first heap   total 105472K, used 41729K [0x00000000c0000000, 0x0000000100000000)
  region size 1024K, 1 young (1024K), 0 survivors (0K)
 Metaspace       used 54766K, committed 55872K, reserved 1114112K
  class space    used 6716K, committed 7168K, reserved 1048576K
}
Event: 63148.373 GC heap after
{Heap after GC invocations=1043 (full 1032):
 garbage-first heap   total 105472K, used 41729K [0x00000000c0000000, 0x0000000100000000)
  region size 1024K, 0 young (0K), 0 survivors (0K)
 Metaspace       used 54766K, committed 55872K, reserved 1114112K
  class space    used 6716K, committed 7168K, reserved 1048576K
}
Event: 63158.524 GC heap before
{Heap before GC invocations=1043 (full 1032):
 garbage-first heap   total 105472K, used 41729K [0x00000000c0000000, 0x0000000100000000)
  region size 1024K, 1 young (1024K), 0 survivors (0K)
 Metaspace       used 54766K, committed 55872K, reserved 1114112K
  class space    used 6716K, committed 7168K, reserved 1048576K
}
Event: 63158.558 GC heap after
{Heap after GC invocations=1044 (full 1033):
 garbage-first heap   total 105472K, used 41729K [0x00000000c0000000, 0x0000000100000000)
  region size 1024K, 0 young (0K), 0 survivors (0K)
 Metaspace       used 54766K, committed 55872K, reserved 1114112K
  class space    used 6716K, committed 7168K, reserved 1048576K
}
Event: 63180.803 GC heap before
{Heap before GC invocations=1044 (full 1033):
 garbage-first heap   total 105472K, used 41729K [0x00000000c0000000, 0x0000000100000000)
  region size 1024K, 1 young (1024K), 0 survivors (0K)
 Metaspace       used 54766K, committed 55872K, reserved 1114112K
  class space    used 6716K, committed 7168K, reserved 1048576K
}
Event: 63180.839 GC heap after
{Heap after GC invocations=1045 (full 1034):
 garbage-first heap   total 105472K, used 41729K [0x00000000c0000000, 0x0000000100000000)
  region size 1024K, 0 young (0K), 0 survivors (0K)
 Metaspace       used 54766K, committed 55872K, reserved 1114112K
  class space    used 6716K, committed 7168K, reserved 1048576K
}
Event: 63191.382 GC heap before
{Heap before GC invocations=1045 (full 1034):
 garbage-first heap   total 105472K, used 41729K [0x00000000c0000000, 0x0000000100000000)
  region size 1024K, 1 young (1024K), 0 survivors (0K)
 Metaspace       used 54766K, committed 55872K, reserved 1114112K
  class space    used 6716K, committed 7168K, reserved 1048576K
}
Event: 63191.452 GC heap after
{Heap after GC invocations=1046 (full 1035):
 garbage-first heap   total 105472K, used 41729K [0x00000000c0000000, 0x0000000100000000)
  region size 1024K, 0 young (0K), 0 survivors (0K)
 Metaspace       used 54766K, committed 55872K, reserved 1114112K
  class space    used 6716K, committed 7168K, reserved 1048576K
}
Event: 63201.697 GC heap before
{Heap before GC invocations=1046 (full 1035):
 garbage-first heap   total 105472K, used 41729K [0x00000000c0000000, 0x0000000100000000)
  region size 1024K, 1 young (1024K), 0 survivors (0K)
 Metaspace       used 54766K, committed 55872K, reserved 1114112K
  class space    used 6716K, committed 7168K, reserved 1048576K
}

