# JRE version: OpenJDK Runtime Environment Temurin-21.0.5+11 (21.0.5+11) (build 21.0.5+11-LTS)
# Java VM: OpenJDK 64-Bit Server VM Temurin-21.0.5+11 (21.0.5+11-LTS, mixed mode, emulated-client, sharing, tiered, compressed oops, compressed class ptrs, g1 gc, windows-amd64)
GC Precious Log:
 CardTable entry size: 512
 Card Set container configuration: InlinePtr #cards 5 size 8 Array Of Cards #cards 12 size 40 Howl #buckets 4 coarsen threshold 1843 Howl Bitmap #cards 512 size 80 coarsen threshold 460 Card regions per heap region 1 cards per card region 2048
 CPUs: 8 total, 8 available
 Memory: 7975M
 Large Page Support: Disabled
 NUMA Support: Disabled
 Compressed Oops: Enabled (32-bit)
 Heap Region Size: 1M
 Heap Min Capacity: 8M
 Heap Initial Capacity: 126M
 Heap Max Capacity: 1G
 Pre-touch: Disabled
 Parallel Workers: 8
 Concurrent Workers: 2
 Concurrent Refinement Workers: 8
 Periodic GC: Disabled
Heap:
 garbage-first heap   total 126976K, used 44622K [0x00000000c0000000, 0x0000000100000000)
  region size 1024K, 1 young (1024K), 0 survivors (0K)
 Metaspace       used 57175K, committed 57792K, reserved 1114112K
  class space    used 7093K, committed 7360K, reserved 1048576K
GC Heap History (20 events):
Event: 1522.159 GC heap after
{Heap after GC invocations=102 (full 77):
 garbage-first heap   total 126976K, used 43710K [0x00000000c0000000, 0x0000000100000000)
  region size 1024K, 0 young (0K), 0 survivors (0K)
 Metaspace       used 56943K, committed 57664K, reserved 1114112K
  class space    used 7045K, committed 7360K, reserved 1048576K
}
Event: 1557.049 GC heap before
{Heap before GC invocations=102 (full 77):
 garbage-first heap   total 126976K, used 107198K [0x00000000c0000000, 0x0000000100000000)
  region size 1024K, 63 young (64512K), 0 survivors (0K)
 Metaspace       used 57075K, committed 57728K, reserved 1114112K
  class space    used 7075K, committed 7360K, reserved 1048576K
}
Event: 1557.054 GC heap after
{Heap after GC invocations=103 (full 77):
 garbage-first heap   total 126976K, used 45463K [0x00000000c0000000, 0x0000000100000000)
  region size 1024K, 2 young (2048K), 2 survivors (2048K)
 Metaspace       used 57075K, committed 57728K, reserved 1114112K
  class space    used 7075K, committed 7360K, reserved 1048576K
}
Event: 1607.528 GC heap before
{Heap before GC invocations=104 (full 77):
 garbage-first heap   total 126976K, used 109975K [0x00000000c0000000, 0x0000000100000000)
  region size 1024K, 65 young (66560K), 2 survivors (2048K)
 Metaspace       used 57121K, committed 57792K, reserved 1114112K
  class space    used 7086K, committed 7360K, reserved 1048576K
}
Event: 1607.539 GC heap after
{Heap after GC invocations=105 (full 77):
 garbage-first heap   total 126976K, used 45480K [0x00000000c0000000, 0x0000000100000000)
  region size 1024K, 2 young (2048K), 2 survivors (2048K)
 Metaspace       used 57121K, committed 57792K, reserved 1114112K
  class space    used 7086K, committed 7360K, reserved 1048576K
}
Event: 1642.547 GC heap before
{Heap before GC invocations=105 (full 77):
 garbage-first heap   total 126976K, used 54696K [0x00000000c0000000, 0x0000000100000000)
  region size 1024K, 12 young (12288K), 2 survivors (2048K)
 Metaspace       used 57121K, committed 57792K, reserved 1114112K
  class space    used 7086K, committed 7360K, reserved 1048576K
}
Event: 1642.614 GC heap after
{Heap after GC invocations=106 (full 78):
 garbage-first heap   total 126976K, used 44277K [0x00000000c0000000, 0x0000000100000000)
  region size 1024K, 0 young (0K), 0 survivors (0K)
 Metaspace       used 57078K, committed 57792K, reserved 1114112K
  class space    used 7075K, committed 7360K, reserved 1048576K
}
Event: 1705.022 GC heap before
{Heap before GC invocations=106 (full 78):
 garbage-first heap   total 126976K, used 111861K [0x00000000c0000000, 0x0000000100000000)
  region size 1024K, 66 young (67584K), 0 survivors (0K)
 Metaspace       used 57147K, committed 57792K, reserved 1114112K
  class space    used 7086K, committed 7360K, reserved 1048576K
}
Event: 1705.028 GC heap after
{Heap after GC invocations=107 (full 78):
 garbage-first heap   total 126976K, used 46157K [0x00000000c0000000, 0x0000000100000000)
  region size 1024K, 2 young (2048K), 2 survivors (2048K)
 Metaspace       used 57147K, committed 57792K, reserved 1114112K
  class space    used 7086K, committed 7360K, reserved 1048576K
}
Event: 1743.290 GC heap before
{Heap before GC invocations=108 (full 78):
 garbage-first heap   total 126976K, used 100429K [0x00000000c0000000, 0x0000000100000000)
  region size 1024K, 56 young (57344K), 2 survivors (2048K)
 Metaspace       used 57141K, committed 57792K, reserved 1114112K
  class space    used 7084K, committed 7360K, reserved 1048576K
}
Event: 1743.354 GC heap after
{Heap after GC invocations=109 (full 79):
 garbage-first heap   total 126976K, used 45046K [0x00000000c0000000, 0x0000000100000000)
  region size 1024K, 0 young (0K), 0 survivors (0K)
 Metaspace       used 57141K, committed 57792K, reserved 1114112K
  class space    used 7084K, committed 7360K, reserved 1048576K
}
Event: 1783.585 GC heap before
{Heap before GC invocations=109 (full 79):
 garbage-first heap   total 126976K, used 48118K [0x00000000c0000000, 0x0000000100000000)
  region size 1024K, 4 young (4096K), 0 survivors (0K)
 Metaspace       used 57147K, committed 57792K, reserved 1114112K
  class space    used 7085K, committed 7360K, reserved 1048576K
}
Event: 1783.691 GC heap after
{Heap after GC invocations=110 (full 80):
 garbage-first heap   total 126976K, used 45211K [0x00000000c0000000, 0x0000000100000000)
  region size 1024K, 0 young (0K), 0 survivors (0K)
 Metaspace       used 57142K, committed 57792K, reserved 1114112K
  class space    used 7084K, committed 7360K, reserved 1048576K
}
Event: 1793.811 GC heap before
{Heap before GC invocations=110 (full 80):
 garbage-first heap   total 126976K, used 45211K [0x00000000c0000000, 0x0000000100000000)
  region size 1024K, 1 young (1024K), 0 survivors (0K)
 Metaspace       used 57142K, committed 57792K, reserved 1114112K
  class space    used 7084K, committed 7360K, reserved 1048576K
}
Event: 1793.842 GC heap after
{Heap after GC invocations=111 (full 81):
 garbage-first heap   total 126976K, used 45211K [0x00000000c0000000, 0x0000000100000000)
  region size 1024K, 0 young (0K), 0 survivors (0K)
 Metaspace       used 57142K, committed 57792K, reserved 1114112K
  class space    used 7084K, committed 7360K, reserved 1048576K
}
Event: 1864.183 GC heap before
{Heap before GC invocations=111 (full 81):
 garbage-first heap   total 126976K, used 100507K [0x00000000c0000000, 0x0000000100000000)
  region size 1024K, 55 young (56320K), 0 survivors (0K)
 Metaspace       used 57175K, committed 57792K, reserved 1114112K
  class space    used 7093K, committed 7360K, reserved 1048576K
}
Event: 1864.301 GC heap after
{Heap after GC invocations=112 (full 82):
 garbage-first heap   total 126976K, used 44690K [0x00000000c0000000, 0x0000000100000000)
  region size 1024K, 0 young (0K), 0 survivors (0K)
 Metaspace       used 57175K, committed 57792K, reserved 1114112K
  class space    used 7093K, committed 7360K, reserved 1048576K
}
Event: 1874.416 GC heap before
{Heap before GC invocations=112 (full 82):
 garbage-first heap   total 126976K, used 44690K [0x00000000c0000000, 0x0000000100000000)
  region size 1024K, 1 young (1024K), 0 survivors (0K)
 Metaspace       used 57175K, committed 57792K, reserved 1114112K
  class space    used 7093K, committed 7360K, reserved 1048576K
}
Event: 1874.446 GC heap after
{Heap after GC invocations=113 (full 83):
 garbage-first heap   total 126976K, used 44622K [0x00000000c0000000, 0x0000000100000000)
  region size 1024K, 0 young (0K), 0 survivors (0K)
 Metaspace       used 57175K, committed 57792K, reserved 1114112K
  class space    used 7093K, committed 7360K, reserved 1048576K
}
Event: 1890.532 GC heap before
{Heap before GC invocations=113 (full 83):
 garbage-first heap   total 126976K, used 44622K [0x00000000c0000000, 0x0000000100000000)
  region size 1024K, 1 young (1024K), 0 survivors (0K)
 Metaspace       used 57175K, committed 57792K, reserved 1114112K
  class space    used 7093K, committed 7360K, reserved 1048576K
}

