# JRE version: OpenJDK Runtime Environment Temurin-21.0.5+11 (21.0.5+11) (build 21.0.5+11-LTS)
# Java VM: OpenJDK 64-Bit Server VM Temurin-21.0.5+11 (21.0.5+11-LTS, mixed mode, emulated-client, sharing, tiered, compressed oops, compressed class ptrs, g1 gc, windows-amd64)
GC Precious Log:
 CardTable entry size: 512
 Card Set container configuration: InlinePtr #cards 5 size 8 Array Of Cards #cards 12 size 40 Howl #buckets 4 coarsen threshold 1843 Howl Bitmap #cards 512 size 80 coarsen threshold 460 Card regions per heap region 1 cards per card region 2048
 CPUs: 8 total, 8 available
 Memory: 7975M
 Large Page Support: Disabled
 NUMA Support: Disabled
 Compressed Oops: Enabled (32-bit)
 Heap Region Size: 1M
 Heap Min Capacity: 8M
 Heap Initial Capacity: 126M
 Heap Max Capacity: 1G
 Pre-touch: Disabled
 Parallel Workers: 8
 Concurrent Workers: 2
 Concurrent Refinement Workers: 8
 Periodic GC: Disabled
Heap:
 garbage-first heap   total 147456K, used 44854K [0x00000000c0000000, 0x0000000100000000)
  region size 1024K, 1 young (1024K), 0 survivors (0K)
 Metaspace       used 57911K, committed 58688K, reserved 1114112K
  class space    used 7206K, committed 7552K, reserved 1048576K
GC Heap History (20 events):
Event: 3613.846 GC heap after
{Heap after GC invocations=235 (full 194):
 garbage-first heap   total 147456K, used 44854K [0x00000000c0000000, 0x0000000100000000)
  region size 1024K, 0 young (0K), 0 survivors (0K)
 Metaspace       used 57911K, committed 58688K, reserved 1114112K
  class space    used 7206K, committed 7552K, reserved 1048576K
}
Event: 3623.891 GC heap before
{Heap before GC invocations=235 (full 194):
 garbage-first heap   total 147456K, used 44854K [0x00000000c0000000, 0x0000000100000000)
  region size 1024K, 1 young (1024K), 0 survivors (0K)
 Metaspace       used 57911K, committed 58688K, reserved 1114112K
  class space    used 7206K, committed 7552K, reserved 1048576K
}
Event: 3623.926 GC heap after
{Heap after GC invocations=236 (full 195):
 garbage-first heap   total 147456K, used 44854K [0x00000000c0000000, 0x0000000100000000)
  region size 1024K, 0 young (0K), 0 survivors (0K)
 Metaspace       used 57911K, committed 58688K, reserved 1114112K
  class space    used 7206K, committed 7552K, reserved 1048576K
}
Event: 3633.976 GC heap before
{Heap before GC invocations=236 (full 195):
 garbage-first heap   total 147456K, used 44854K [0x00000000c0000000, 0x0000000100000000)
  region size 1024K, 1 young (1024K), 0 survivors (0K)
 Metaspace       used 57911K, committed 58688K, reserved 1114112K
  class space    used 7206K, committed 7552K, reserved 1048576K
}
Event: 3633.999 GC heap after
{Heap after GC invocations=237 (full 196):
 garbage-first heap   total 147456K, used 44854K [0x00000000c0000000, 0x0000000100000000)
  region size 1024K, 0 young (0K), 0 survivors (0K)
 Metaspace       used 57911K, committed 58688K, reserved 1114112K
  class space    used 7206K, committed 7552K, reserved 1048576K
}
Event: 3644.032 GC heap before
{Heap before GC invocations=237 (full 196):
 garbage-first heap   total 147456K, used 44854K [0x00000000c0000000, 0x0000000100000000)
  region size 1024K, 1 young (1024K), 0 survivors (0K)
 Metaspace       used 57911K, committed 58688K, reserved 1114112K
  class space    used 7206K, committed 7552K, reserved 1048576K
}
Event: 3644.062 GC heap after
{Heap after GC invocations=238 (full 197):
 garbage-first heap   total 147456K, used 44854K [0x00000000c0000000, 0x0000000100000000)
  region size 1024K, 0 young (0K), 0 survivors (0K)
 Metaspace       used 57911K, committed 58688K, reserved 1114112K
  class space    used 7206K, committed 7552K, reserved 1048576K
}
Event: 3654.093 GC heap before
{Heap before GC invocations=238 (full 197):
 garbage-first heap   total 147456K, used 44854K [0x00000000c0000000, 0x0000000100000000)
  region size 1024K, 1 young (1024K), 0 survivors (0K)
 Metaspace       used 57911K, committed 58688K, reserved 1114112K
  class space    used 7206K, committed 7552K, reserved 1048576K
}
Event: 3654.118 GC heap after
{Heap after GC invocations=239 (full 198):
 garbage-first heap   total 147456K, used 44854K [0x00000000c0000000, 0x0000000100000000)
  region size 1024K, 0 young (0K), 0 survivors (0K)
 Metaspace       used 57911K, committed 58688K, reserved 1114112K
  class space    used 7206K, committed 7552K, reserved 1048576K
}
Event: 3664.156 GC heap before
{Heap before GC invocations=239 (full 198):
 garbage-first heap   total 147456K, used 44854K [0x00000000c0000000, 0x0000000100000000)
  region size 1024K, 1 young (1024K), 0 survivors (0K)
 Metaspace       used 57911K, committed 58688K, reserved 1114112K
  class space    used 7206K, committed 7552K, reserved 1048576K
}
Event: 3664.187 GC heap after
{Heap after GC invocations=240 (full 199):
 garbage-first heap   total 147456K, used 44854K [0x00000000c0000000, 0x0000000100000000)
  region size 1024K, 0 young (0K), 0 survivors (0K)
 Metaspace       used 57911K, committed 58688K, reserved 1114112K
  class space    used 7206K, committed 7552K, reserved 1048576K
}
Event: 3674.214 GC heap before
{Heap before GC invocations=240 (full 199):
 garbage-first heap   total 147456K, used 44854K [0x00000000c0000000, 0x0000000100000000)
  region size 1024K, 1 young (1024K), 0 survivors (0K)
 Metaspace       used 57911K, committed 58688K, reserved 1114112K
  class space    used 7206K, committed 7552K, reserved 1048576K
}
Event: 3674.245 GC heap after
{Heap after GC invocations=241 (full 200):
 garbage-first heap   total 147456K, used 44854K [0x00000000c0000000, 0x0000000100000000)
  region size 1024K, 0 young (0K), 0 survivors (0K)
 Metaspace       used 57911K, committed 58688K, reserved 1114112K
  class space    used 7206K, committed 7552K, reserved 1048576K
}
Event: 3684.286 GC heap before
{Heap before GC invocations=241 (full 200):
 garbage-first heap   total 147456K, used 44854K [0x00000000c0000000, 0x0000000100000000)
  region size 1024K, 1 young (1024K), 0 survivors (0K)
 Metaspace       used 57911K, committed 58688K, reserved 1114112K
  class space    used 7206K, committed 7552K, reserved 1048576K
}
Event: 3684.314 GC heap after
{Heap after GC invocations=242 (full 201):
 garbage-first heap   total 147456K, used 44854K [0x00000000c0000000, 0x0000000100000000)
  region size 1024K, 0 young (0K), 0 survivors (0K)
 Metaspace       used 57911K, committed 58688K, reserved 1114112K
  class space    used 7206K, committed 7552K, reserved 1048576K
}
Event: 3694.366 GC heap before
{Heap before GC invocations=242 (full 201):
 garbage-first heap   total 147456K, used 44854K [0x00000000c0000000, 0x0000000100000000)
  region size 1024K, 1 young (1024K), 0 survivors (0K)
 Metaspace       used 57911K, committed 58688K, reserved 1114112K
  class space    used 7206K, committed 7552K, reserved 1048576K
}
Event: 3694.397 GC heap after
{Heap after GC invocations=243 (full 202):
 garbage-first heap   total 147456K, used 44854K [0x00000000c0000000, 0x0000000100000000)
  region size 1024K, 0 young (0K), 0 survivors (0K)
 Metaspace       used 57911K, committed 58688K, reserved 1114112K
  class space    used 7206K, committed 7552K, reserved 1048576K
}
Event: 3704.425 GC heap before
{Heap before GC invocations=243 (full 202):
 garbage-first heap   total 147456K, used 44854K [0x00000000c0000000, 0x0000000100000000)
  region size 1024K, 1 young (1024K), 0 survivors (0K)
 Metaspace       used 57911K, committed 58688K, reserved 1114112K
  class space    used 7206K, committed 7552K, reserved 1048576K
}
Event: 3704.448 GC heap after
{Heap after GC invocations=244 (full 203):
 garbage-first heap   total 147456K, used 44854K [0x00000000c0000000, 0x0000000100000000)
  region size 1024K, 0 young (0K), 0 survivors (0K)
 Metaspace       used 57911K, committed 58688K, reserved 1114112K
  class space    used 7206K, committed 7552K, reserved 1048576K
}
Event: 3714.499 GC heap before
{Heap before GC invocations=244 (full 203):
 garbage-first heap   total 147456K, used 44854K [0x00000000c0000000, 0x0000000100000000)
  region size 1024K, 1 young (1024K), 0 survivors (0K)
 Metaspace       used 57911K, committed 58688K, reserved 1114112K
  class space    used 7206K, committed 7552K, reserved 1048576K
}

