# JRE version: OpenJDK Runtime Environment Temurin-21.0.5+11 (21.0.5+11) (build 21.0.5+11-LTS)
# Java VM: OpenJDK 64-Bit Server VM Temurin-21.0.5+11 (21.0.5+11-LTS, mixed mode, emulated-client, sharing, tiered, compressed oops, compressed class ptrs, g1 gc, windows-amd64)
GC Precious Log:
 CardTable entry size: 512
 Card Set container configuration: InlinePtr #cards 5 size 8 Array Of Cards #cards 12 size 40 Howl #buckets 4 coarsen threshold 1843 Howl Bitmap #cards 512 size 80 coarsen threshold 460 Card regions per heap region 1 cards per card region 2048
 CPUs: 8 total, 8 available
 Memory: 7975M
 Large Page Support: Disabled
 NUMA Support: Disabled
 Compressed Oops: Enabled (32-bit)
 Heap Region Size: 1M
 Heap Min Capacity: 8M
 Heap Initial Capacity: 126M
 Heap Max Capacity: 1G
 Pre-touch: Disabled
 Parallel Workers: 8
 Concurrent Workers: 2
 Concurrent Refinement Workers: 8
 Periodic GC: Disabled
Heap:
 garbage-first heap   total 105472K, used 42401K [0x00000000c0000000, 0x0000000100000000)
  region size 1024K, 1 young (1024K), 0 survivors (0K)
 Metaspace       used 55780K, committed 56448K, reserved 1114112K
  class space    used 6884K, committed 7168K, reserved 1048576K
GC Heap History (20 events):
Event: 11182.008 GC heap after
{Heap after GC invocations=978 (full 964):
 garbage-first heap   total 105472K, used 42401K [0x00000000c0000000, 0x0000000100000000)
  region size 1024K, 0 young (0K), 0 survivors (0K)
 Metaspace       used 55780K, committed 56448K, reserved 1114112K
  class space    used 6884K, committed 7168K, reserved 1048576K
}
Event: 11192.143 GC heap before
{Heap before GC invocations=978 (full 964):
 garbage-first heap   total 105472K, used 42401K [0x00000000c0000000, 0x0000000100000000)
  region size 1024K, 1 young (1024K), 0 survivors (0K)
 Metaspace       used 55780K, committed 56448K, reserved 1114112K
  class space    used 6884K, committed 7168K, reserved 1048576K
}
Event: 11192.166 GC heap after
{Heap after GC invocations=979 (full 965):
 garbage-first heap   total 105472K, used 42401K [0x00000000c0000000, 0x0000000100000000)
  region size 1024K, 0 young (0K), 0 survivors (0K)
 Metaspace       used 55780K, committed 56448K, reserved 1114112K
  class space    used 6884K, committed 7168K, reserved 1048576K
}
Event: 11202.408 GC heap before
{Heap before GC invocations=979 (full 965):
 garbage-first heap   total 105472K, used 42401K [0x00000000c0000000, 0x0000000100000000)
  region size 1024K, 1 young (1024K), 0 survivors (0K)
 Metaspace       used 55780K, committed 56448K, reserved 1114112K
  class space    used 6884K, committed 7168K, reserved 1048576K
}
Event: 11202.431 GC heap after
{Heap after GC invocations=980 (full 966):
 garbage-first heap   total 105472K, used 42401K [0x00000000c0000000, 0x0000000100000000)
  region size 1024K, 0 young (0K), 0 survivors (0K)
 Metaspace       used 55780K, committed 56448K, reserved 1114112K
  class space    used 6884K, committed 7168K, reserved 1048576K
}
Event: 11212.577 GC heap before
{Heap before GC invocations=980 (full 966):
 garbage-first heap   total 105472K, used 42401K [0x00000000c0000000, 0x0000000100000000)
  region size 1024K, 1 young (1024K), 0 survivors (0K)
 Metaspace       used 55780K, committed 56448K, reserved 1114112K
  class space    used 6884K, committed 7168K, reserved 1048576K
}
Event: 11212.617 GC heap after
{Heap after GC invocations=981 (full 967):
 garbage-first heap   total 105472K, used 42401K [0x00000000c0000000, 0x0000000100000000)
  region size 1024K, 0 young (0K), 0 survivors (0K)
 Metaspace       used 55780K, committed 56448K, reserved 1114112K
  class space    used 6884K, committed 7168K, reserved 1048576K
}
Event: 11222.765 GC heap before
{Heap before GC invocations=981 (full 967):
 garbage-first heap   total 105472K, used 42401K [0x00000000c0000000, 0x0000000100000000)
  region size 1024K, 1 young (1024K), 0 survivors (0K)
 Metaspace       used 55780K, committed 56448K, reserved 1114112K
  class space    used 6884K, committed 7168K, reserved 1048576K
}
Event: 11222.800 GC heap after
{Heap after GC invocations=982 (full 968):
 garbage-first heap   total 105472K, used 42401K [0x00000000c0000000, 0x0000000100000000)
  region size 1024K, 0 young (0K), 0 survivors (0K)
 Metaspace       used 55780K, committed 56448K, reserved 1114112K
  class space    used 6884K, committed 7168K, reserved 1048576K
}
Event: 11232.933 GC heap before
{Heap before GC invocations=982 (full 968):
 garbage-first heap   total 105472K, used 42401K [0x00000000c0000000, 0x0000000100000000)
  region size 1024K, 1 young (1024K), 0 survivors (0K)
 Metaspace       used 55780K, committed 56448K, reserved 1114112K
  class space    used 6884K, committed 7168K, reserved 1048576K
}
Event: 11232.961 GC heap after
{Heap after GC invocations=983 (full 969):
 garbage-first heap   total 105472K, used 42401K [0x00000000c0000000, 0x0000000100000000)
  region size 1024K, 0 young (0K), 0 survivors (0K)
 Metaspace       used 55780K, committed 56448K, reserved 1114112K
  class space    used 6884K, committed 7168K, reserved 1048576K
}
Event: 11243.076 GC heap before
{Heap before GC invocations=983 (full 969):
 garbage-first heap   total 105472K, used 42401K [0x00000000c0000000, 0x0000000100000000)
  region size 1024K, 1 young (1024K), 0 survivors (0K)
 Metaspace       used 55780K, committed 56448K, reserved 1114112K
  class space    used 6884K, committed 7168K, reserved 1048576K
}
Event: 11243.111 GC heap after
{Heap after GC invocations=984 (full 970):
 garbage-first heap   total 105472K, used 42401K [0x00000000c0000000, 0x0000000100000000)
  region size 1024K, 0 young (0K), 0 survivors (0K)
 Metaspace       used 55780K, committed 56448K, reserved 1114112K
  class space    used 6884K, committed 7168K, reserved 1048576K
}
Event: 11253.255 GC heap before
{Heap before GC invocations=984 (full 970):
 garbage-first heap   total 105472K, used 42401K [0x00000000c0000000, 0x0000000100000000)
  region size 1024K, 1 young (1024K), 0 survivors (0K)
 Metaspace       used 55780K, committed 56448K, reserved 1114112K
  class space    used 6884K, committed 7168K, reserved 1048576K
}
Event: 11253.278 GC heap after
{Heap after GC invocations=985 (full 971):
 garbage-first heap   total 105472K, used 42401K [0x00000000c0000000, 0x0000000100000000)
  region size 1024K, 0 young (0K), 0 survivors (0K)
 Metaspace       used 55780K, committed 56448K, reserved 1114112K
  class space    used 6884K, committed 7168K, reserved 1048576K
}
Event: 11263.391 GC heap before
{Heap before GC invocations=985 (full 971):
 garbage-first heap   total 105472K, used 42401K [0x00000000c0000000, 0x0000000100000000)
  region size 1024K, 1 young (1024K), 0 survivors (0K)
 Metaspace       used 55780K, committed 56448K, reserved 1114112K
  class space    used 6884K, committed 7168K, reserved 1048576K
}
Event: 11263.413 GC heap after
{Heap after GC invocations=986 (full 972):
 garbage-first heap   total 105472K, used 42401K [0x00000000c0000000, 0x0000000100000000)
  region size 1024K, 0 young (0K), 0 survivors (0K)
 Metaspace       used 55780K, committed 56448K, reserved 1114112K
  class space    used 6884K, committed 7168K, reserved 1048576K
}
Event: 11273.620 GC heap before
{Heap before GC invocations=986 (full 972):
 garbage-first heap   total 105472K, used 42401K [0x00000000c0000000, 0x0000000100000000)
  region size 1024K, 1 young (1024K), 0 survivors (0K)
 Metaspace       used 55780K, committed 56448K, reserved 1114112K
  class space    used 6884K, committed 7168K, reserved 1048576K
}
Event: 11273.664 GC heap after
{Heap after GC invocations=987 (full 973):
 garbage-first heap   total 105472K, used 42401K [0x00000000c0000000, 0x0000000100000000)
  region size 1024K, 0 young (0K), 0 survivors (0K)
 Metaspace       used 55780K, committed 56448K, reserved 1114112K
  class space    used 6884K, committed 7168K, reserved 1048576K
}
Event: 11284.786 GC heap before
{Heap before GC invocations=987 (full 973):
 garbage-first heap   total 105472K, used 42401K [0x00000000c0000000, 0x0000000100000000)
  region size 1024K, 1 young (1024K), 0 survivors (0K)
 Metaspace       used 55780K, committed 56448K, reserved 1114112K
  class space    used 6884K, committed 7168K, reserved 1048576K
}

