# JRE version: OpenJDK Runtime Environment Temurin-21.0.5+11 (21.0.5+11) (build 21.0.5+11-LTS)
# Java VM: OpenJDK 64-Bit Server VM Temurin-21.0.5+11 (21.0.5+11-LTS, mixed mode, emulated-client, sharing, tiered, compressed oops, compressed class ptrs, g1 gc, windows-amd64)
GC Precious Log:
 CardTable entry size: 512
 Card Set container configuration: InlinePtr #cards 5 size 8 Array Of Cards #cards 12 size 40 Howl #buckets 4 coarsen threshold 1843 Howl Bitmap #cards 512 size 80 coarsen threshold 460 Card regions per heap region 1 cards per card region 2048
 CPUs: 8 total, 8 available
 Memory: 7975M
 Large Page Support: Disabled
 NUMA Support: Disabled
 Compressed Oops: Enabled (32-bit)
 Heap Region Size: 1M
 Heap Min Capacity: 8M
 Heap Initial Capacity: 126M
 Heap Max Capacity: 1G
 Pre-touch: Disabled
 Parallel Workers: 8
 Concurrent Workers: 2
 Concurrent Refinement Workers: 8
 Periodic GC: Disabled
Heap:
 garbage-first heap   total 169984K, used 52684K [0x00000000c0000000, 0x0000000100000000)
  region size 1024K, 1 young (1024K), 0 survivors (0K)
 Metaspace       used 57301K, committed 58496K, reserved 1114112K
  class space    used 7154K, committed 7616K, reserved 1048576K
GC Heap History (20 events):
Event: 370.419 GC heap after
{Heap after GC invocations=50 (full 25):
 garbage-first heap   total 169984K, used 52684K [0x00000000c0000000, 0x0000000100000000)
  region size 1024K, 0 young (0K), 0 survivors (0K)
 Metaspace       used 57301K, committed 58496K, reserved 1114112K
  class space    used 7154K, committed 7616K, reserved 1048576K
}
Event: 380.542 GC heap before
{Heap before GC invocations=50 (full 25):
 garbage-first heap   total 169984K, used 52684K [0x00000000c0000000, 0x0000000100000000)
  region size 1024K, 1 young (1024K), 0 survivors (0K)
 Metaspace       used 57301K, committed 58496K, reserved 1114112K
  class space    used 7154K, committed 7616K, reserved 1048576K
}
Event: 380.567 GC heap after
{Heap after GC invocations=51 (full 26):
 garbage-first heap   total 169984K, used 52684K [0x00000000c0000000, 0x0000000100000000)
  region size 1024K, 0 young (0K), 0 survivors (0K)
 Metaspace       used 57301K, committed 58496K, reserved 1114112K
  class space    used 7154K, committed 7616K, reserved 1048576K
}
Event: 390.686 GC heap before
{Heap before GC invocations=51 (full 26):
 garbage-first heap   total 169984K, used 52684K [0x00000000c0000000, 0x0000000100000000)
  region size 1024K, 1 young (1024K), 0 survivors (0K)
 Metaspace       used 57301K, committed 58496K, reserved 1114112K
  class space    used 7154K, committed 7616K, reserved 1048576K
}
Event: 390.708 GC heap after
{Heap after GC invocations=52 (full 27):
 garbage-first heap   total 169984K, used 52684K [0x00000000c0000000, 0x0000000100000000)
  region size 1024K, 0 young (0K), 0 survivors (0K)
 Metaspace       used 57301K, committed 58496K, reserved 1114112K
  class space    used 7154K, committed 7616K, reserved 1048576K
}
Event: 400.827 GC heap before
{Heap before GC invocations=52 (full 27):
 garbage-first heap   total 169984K, used 52684K [0x00000000c0000000, 0x0000000100000000)
  region size 1024K, 1 young (1024K), 0 survivors (0K)
 Metaspace       used 57301K, committed 58496K, reserved 1114112K
  class space    used 7154K, committed 7616K, reserved 1048576K
}
Event: 400.850 GC heap after
{Heap after GC invocations=53 (full 28):
 garbage-first heap   total 169984K, used 52684K [0x00000000c0000000, 0x0000000100000000)
  region size 1024K, 0 young (0K), 0 survivors (0K)
 Metaspace       used 57301K, committed 58496K, reserved 1114112K
  class space    used 7154K, committed 7616K, reserved 1048576K
}
Event: 410.977 GC heap before
{Heap before GC invocations=53 (full 28):
 garbage-first heap   total 169984K, used 52684K [0x00000000c0000000, 0x0000000100000000)
  region size 1024K, 1 young (1024K), 0 survivors (0K)
 Metaspace       used 57301K, committed 58496K, reserved 1114112K
  class space    used 7154K, committed 7616K, reserved 1048576K
}
Event: 410.998 GC heap after
{Heap after GC invocations=54 (full 29):
 garbage-first heap   total 169984K, used 52684K [0x00000000c0000000, 0x0000000100000000)
  region size 1024K, 0 young (0K), 0 survivors (0K)
 Metaspace       used 57301K, committed 58496K, reserved 1114112K
  class space    used 7154K, committed 7616K, reserved 1048576K
}
Event: 421.119 GC heap before
{Heap before GC invocations=54 (full 29):
 garbage-first heap   total 169984K, used 52684K [0x00000000c0000000, 0x0000000100000000)
  region size 1024K, 1 young (1024K), 0 survivors (0K)
 Metaspace       used 57301K, committed 58496K, reserved 1114112K
  class space    used 7154K, committed 7616K, reserved 1048576K
}
Event: 421.142 GC heap after
{Heap after GC invocations=55 (full 30):
 garbage-first heap   total 169984K, used 52684K [0x00000000c0000000, 0x0000000100000000)
  region size 1024K, 0 young (0K), 0 survivors (0K)
 Metaspace       used 57301K, committed 58496K, reserved 1114112K
  class space    used 7154K, committed 7616K, reserved 1048576K
}
Event: 431.258 GC heap before
{Heap before GC invocations=55 (full 30):
 garbage-first heap   total 169984K, used 52684K [0x00000000c0000000, 0x0000000100000000)
  region size 1024K, 1 young (1024K), 0 survivors (0K)
 Metaspace       used 57301K, committed 58496K, reserved 1114112K
  class space    used 7154K, committed 7616K, reserved 1048576K
}
Event: 431.280 GC heap after
{Heap after GC invocations=56 (full 31):
 garbage-first heap   total 169984K, used 52684K [0x00000000c0000000, 0x0000000100000000)
  region size 1024K, 0 young (0K), 0 survivors (0K)
 Metaspace       used 57301K, committed 58496K, reserved 1114112K
  class space    used 7154K, committed 7616K, reserved 1048576K
}
Event: 441.381 GC heap before
{Heap before GC invocations=56 (full 31):
 garbage-first heap   total 169984K, used 52684K [0x00000000c0000000, 0x0000000100000000)
  region size 1024K, 1 young (1024K), 0 survivors (0K)
 Metaspace       used 57301K, committed 58496K, reserved 1114112K
  class space    used 7154K, committed 7616K, reserved 1048576K
}
Event: 441.406 GC heap after
{Heap after GC invocations=57 (full 32):
 garbage-first heap   total 169984K, used 52684K [0x00000000c0000000, 0x0000000100000000)
  region size 1024K, 0 young (0K), 0 survivors (0K)
 Metaspace       used 57301K, committed 58496K, reserved 1114112K
  class space    used 7154K, committed 7616K, reserved 1048576K
}
Event: 451.515 GC heap before
{Heap before GC invocations=57 (full 32):
 garbage-first heap   total 169984K, used 52684K [0x00000000c0000000, 0x0000000100000000)
  region size 1024K, 1 young (1024K), 0 survivors (0K)
 Metaspace       used 57301K, committed 58496K, reserved 1114112K
  class space    used 7154K, committed 7616K, reserved 1048576K
}
Event: 451.537 GC heap after
{Heap after GC invocations=58 (full 33):
 garbage-first heap   total 169984K, used 52684K [0x00000000c0000000, 0x0000000100000000)
  region size 1024K, 0 young (0K), 0 survivors (0K)
 Metaspace       used 57301K, committed 58496K, reserved 1114112K
  class space    used 7154K, committed 7616K, reserved 1048576K
}
Event: 461.670 GC heap before
{Heap before GC invocations=58 (full 33):
 garbage-first heap   total 169984K, used 52684K [0x00000000c0000000, 0x0000000100000000)
  region size 1024K, 1 young (1024K), 0 survivors (0K)
 Metaspace       used 57301K, committed 58496K, reserved 1114112K
  class space    used 7154K, committed 7616K, reserved 1048576K
}
Event: 461.695 GC heap after
{Heap after GC invocations=59 (full 34):
 garbage-first heap   total 169984K, used 52684K [0x00000000c0000000, 0x0000000100000000)
  region size 1024K, 0 young (0K), 0 survivors (0K)
 Metaspace       used 57301K, committed 58496K, reserved 1114112K
  class space    used 7154K, committed 7616K, reserved 1048576K
}
Event: 473.892 GC heap before
{Heap before GC invocations=59 (full 34):
 garbage-first heap   total 169984K, used 52684K [0x00000000c0000000, 0x0000000100000000)
  region size 1024K, 1 young (1024K), 0 survivors (0K)
 Metaspace       used 57301K, committed 58496K, reserved 1114112K
  class space    used 7154K, committed 7616K, reserved 1048576K
}

