# JRE version: OpenJDK Runtime Environment Temurin-21.0.5+11 (21.0.5+11) (build 21.0.5+11-LTS)
# Java VM: OpenJDK 64-Bit Server VM Temurin-21.0.5+11 (21.0.5+11-LTS, mixed mode, emulated-client, sharing, tiered, compressed oops, compressed class ptrs, g1 gc, windows-amd64)
GC Precious Log:
 CardTable entry size: 512
 Card Set container configuration: InlinePtr #cards 5 size 8 Array Of Cards #cards 12 size 40 Howl #buckets 4 coarsen threshold 1843 Howl Bitmap #cards 512 size 80 coarsen threshold 460 Card regions per heap region 1 cards per card region 2048
 CPUs: 8 total, 8 available
 Memory: 7975M
 Large Page Support: Disabled
 NUMA Support: Disabled
 Compressed Oops: Enabled (32-bit)
 Heap Region Size: 1M
 Heap Min Capacity: 8M
 Heap Initial Capacity: 126M
 Heap Max Capacity: 1G
 Pre-touch: Disabled
 Parallel Workers: 8
 Concurrent Workers: 2
 Concurrent Refinement Workers: 8
 Periodic GC: Disabled
Heap:
 garbage-first heap   total 105472K, used 43410K [0x00000000c0000000, 0x0000000100000000)
  region size 1024K, 1 young (1024K), 0 survivors (0K)
 Metaspace       used 55547K, committed 56256K, reserved 1114112K
  class space    used 6852K, committed 7168K, reserved 1048576K
GC Heap History (20 events):
Event: 350.745 GC heap after
{Heap after GC invocations=40 (full 30):
 garbage-first heap   total 105472K, used 33079K [0x00000000c0000000, 0x0000000100000000)
  region size 1024K, 0 young (0K), 0 survivors (0K)
 Metaspace       used 45659K, committed 46720K, reserved 1114112K
  class space    used 5902K, committed 6336K, reserved 1048576K
}
Event: 360.882 GC heap before
{Heap before GC invocations=40 (full 30):
 garbage-first heap   total 105472K, used 33079K [0x00000000c0000000, 0x0000000100000000)
  region size 1024K, 1 young (1024K), 0 survivors (0K)
 Metaspace       used 45659K, committed 46720K, reserved 1114112K
  class space    used 5902K, committed 6336K, reserved 1048576K
}
Event: 360.904 GC heap after
{Heap after GC invocations=41 (full 31):
 garbage-first heap   total 105472K, used 33079K [0x00000000c0000000, 0x0000000100000000)
  region size 1024K, 0 young (0K), 0 survivors (0K)
 Metaspace       used 45659K, committed 46720K, reserved 1114112K
  class space    used 5902K, committed 6336K, reserved 1048576K
}
Event: 371.088 GC heap before
{Heap before GC invocations=41 (full 31):
 garbage-first heap   total 105472K, used 33079K [0x00000000c0000000, 0x0000000100000000)
  region size 1024K, 1 young (1024K), 0 survivors (0K)
 Metaspace       used 45659K, committed 46720K, reserved 1114112K
  class space    used 5902K, committed 6336K, reserved 1048576K
}
Event: 371.112 GC heap after
{Heap after GC invocations=42 (full 32):
 garbage-first heap   total 105472K, used 33079K [0x00000000c0000000, 0x0000000100000000)
  region size 1024K, 0 young (0K), 0 survivors (0K)
 Metaspace       used 45659K, committed 46720K, reserved 1114112K
  class space    used 5902K, committed 6336K, reserved 1048576K
}
Event: 381.211 GC heap before
{Heap before GC invocations=42 (full 32):
 garbage-first heap   total 105472K, used 33079K [0x00000000c0000000, 0x0000000100000000)
  region size 1024K, 1 young (1024K), 0 survivors (0K)
 Metaspace       used 45659K, committed 46720K, reserved 1114112K
  class space    used 5902K, committed 6336K, reserved 1048576K
}
Event: 381.228 GC heap after
{Heap after GC invocations=43 (full 33):
 garbage-first heap   total 105472K, used 33079K [0x00000000c0000000, 0x0000000100000000)
  region size 1024K, 0 young (0K), 0 survivors (0K)
 Metaspace       used 45659K, committed 46720K, reserved 1114112K
  class space    used 5902K, committed 6336K, reserved 1048576K
}
Event: 391.611 GC heap before
{Heap before GC invocations=43 (full 33):
 garbage-first heap   total 105472K, used 33079K [0x00000000c0000000, 0x0000000100000000)
  region size 1024K, 1 young (1024K), 0 survivors (0K)
 Metaspace       used 45659K, committed 46720K, reserved 1114112K
  class space    used 5902K, committed 6336K, reserved 1048576K
}
Event: 391.640 GC heap after
{Heap after GC invocations=44 (full 34):
 garbage-first heap   total 105472K, used 33079K [0x00000000c0000000, 0x0000000100000000)
  region size 1024K, 0 young (0K), 0 survivors (0K)
 Metaspace       used 45659K, committed 46720K, reserved 1114112K
  class space    used 5902K, committed 6336K, reserved 1048576K
}
Event: 401.799 GC heap before
{Heap before GC invocations=44 (full 34):
 garbage-first heap   total 105472K, used 33079K [0x00000000c0000000, 0x0000000100000000)
  region size 1024K, 1 young (1024K), 0 survivors (0K)
 Metaspace       used 45659K, committed 46720K, reserved 1114112K
  class space    used 5902K, committed 6336K, reserved 1048576K
}
Event: 401.820 GC heap after
{Heap after GC invocations=45 (full 35):
 garbage-first heap   total 105472K, used 33079K [0x00000000c0000000, 0x0000000100000000)
  region size 1024K, 0 young (0K), 0 survivors (0K)
 Metaspace       used 45659K, committed 46720K, reserved 1114112K
  class space    used 5902K, committed 6336K, reserved 1048576K
}
Event: 411.629 GC heap before
{Heap before GC invocations=45 (full 35):
 garbage-first heap   total 105472K, used 87351K [0x00000000c0000000, 0x0000000100000000)
  region size 1024K, 53 young (54272K), 0 survivors (0K)
 Metaspace       used 52546K, committed 53184K, reserved 1114112K
  class space    used 6536K, committed 6848K, reserved 1048576K
}
Event: 411.644 GC heap after
{Heap after GC invocations=46 (full 35):
 garbage-first heap   total 105472K, used 43413K [0x00000000c0000000, 0x0000000100000000)
  region size 1024K, 7 young (7168K), 7 survivors (7168K)
 Metaspace       used 52546K, committed 53184K, reserved 1114112K
  class space    used 6536K, committed 6848K, reserved 1048576K
}
Event: 452.091 GC heap before
{Heap before GC invocations=46 (full 35):
 garbage-first heap   total 105472K, used 70037K [0x00000000c0000000, 0x0000000100000000)
  region size 1024K, 34 young (34816K), 7 survivors (7168K)
 Metaspace       used 55609K, committed 56256K, reserved 1114112K
  class space    used 6868K, committed 7168K, reserved 1048576K
}
Event: 452.135 GC heap after
{Heap after GC invocations=47 (full 36):
 garbage-first heap   total 105472K, used 44480K [0x00000000c0000000, 0x0000000100000000)
  region size 1024K, 0 young (0K), 0 survivors (0K)
 Metaspace       used 55609K, committed 56256K, reserved 1114112K
  class space    used 6868K, committed 7168K, reserved 1048576K
}
Event: 462.336 GC heap before
{Heap before GC invocations=47 (full 36):
 garbage-first heap   total 105472K, used 44480K [0x00000000c0000000, 0x0000000100000000)
  region size 1024K, 1 young (1024K), 0 survivors (0K)
 Metaspace       used 55609K, committed 56256K, reserved 1114112K
  class space    used 6868K, committed 7168K, reserved 1048576K
}
Event: 462.367 GC heap after
{Heap after GC invocations=48 (full 37):
 garbage-first heap   total 105472K, used 44485K [0x00000000c0000000, 0x0000000100000000)
  region size 1024K, 0 young (0K), 0 survivors (0K)
 Metaspace       used 55609K, committed 56256K, reserved 1114112K
  class space    used 6868K, committed 7168K, reserved 1048576K
}
Event: 472.514 GC heap before
{Heap before GC invocations=48 (full 37):
 garbage-first heap   total 105472K, used 44485K [0x00000000c0000000, 0x0000000100000000)
  region size 1024K, 1 young (1024K), 0 survivors (0K)
 Metaspace       used 55609K, committed 56256K, reserved 1114112K
  class space    used 6868K, committed 7168K, reserved 1048576K
}
Event: 472.652 GC heap after
{Heap after GC invocations=49 (full 38):
 garbage-first heap   total 105472K, used 43410K [0x00000000c0000000, 0x0000000100000000)
  region size 1024K, 0 young (0K), 0 survivors (0K)
 Metaspace       used 55547K, committed 56256K, reserved 1114112K
  class space    used 6852K, committed 7168K, reserved 1048576K
}
Event: 492.668 GC heap before
{Heap before GC invocations=49 (full 38):
 garbage-first heap   total 105472K, used 43410K [0x00000000c0000000, 0x0000000100000000)
  region size 1024K, 1 young (1024K), 0 survivors (0K)
 Metaspace       used 55547K, committed 56256K, reserved 1114112K
  class space    used 6852K, committed 7168K, reserved 1048576K
}

