# JRE version: OpenJDK Runtime Environment Temurin-21.0.5+11 (21.0.5+11) (build 21.0.5+11-LTS)
# Java VM: OpenJDK 64-Bit Server VM Temurin-21.0.5+11 (21.0.5+11-LTS, mixed mode, emulated-client, sharing, tiered, compressed oops, compressed class ptrs, g1 gc, windows-amd64)
GC Precious Log:
 CardTable entry size: 512
 Card Set container configuration: InlinePtr #cards 5 size 8 Array Of Cards #cards 12 size 40 Howl #buckets 4 coarsen threshold 1843 Howl Bitmap #cards 512 size 80 coarsen threshold 460 Card regions per heap region 1 cards per card region 2048
 CPUs: 8 total, 8 available
 Memory: 7975M
 Large Page Support: Disabled
 NUMA Support: Disabled
 Compressed Oops: Enabled (32-bit)
 Heap Region Size: 1M
 Heap Min Capacity: 8M
 Heap Initial Capacity: 126M
 Heap Max Capacity: 1G
 Pre-touch: Disabled
 Parallel Workers: 8
 Concurrent Workers: 2
 Concurrent Refinement Workers: 8
 Periodic GC: Disabled
Heap:
 garbage-first heap   total 102400K, used 32973K [0x00000000c0000000, 0x0000000100000000)
  region size 1024K, 1 young (1024K), 0 survivors (0K)
 Metaspace       used 45674K, committed 46784K, reserved 1114112K
  class space    used 5902K, committed 6336K, reserved 1048576K
GC Heap History (20 events):
Event: 681.812 GC heap after
{Heap after GC invocations=68 (full 59):
 garbage-first heap   total 102400K, used 32985K [0x00000000c0000000, 0x0000000100000000)
  region size 1024K, 0 young (0K), 0 survivors (0K)
 Metaspace       used 45674K, committed 46784K, reserved 1114112K
  class space    used 5902K, committed 6336K, reserved 1048576K
}
Event: 691.845 GC heap before
{Heap before GC invocations=68 (full 59):
 garbage-first heap   total 102400K, used 32985K [0x00000000c0000000, 0x0000000100000000)
  region size 1024K, 1 young (1024K), 0 survivors (0K)
 Metaspace       used 45674K, committed 46784K, reserved 1114112K
  class space    used 5902K, committed 6336K, reserved 1048576K
}
Event: 691.864 GC heap after
{Heap after GC invocations=69 (full 60):
 garbage-first heap   total 102400K, used 32985K [0x00000000c0000000, 0x0000000100000000)
  region size 1024K, 0 young (0K), 0 survivors (0K)
 Metaspace       used 45674K, committed 46784K, reserved 1114112K
  class space    used 5902K, committed 6336K, reserved 1048576K
}
Event: 701.900 GC heap before
{Heap before GC invocations=69 (full 60):
 garbage-first heap   total 102400K, used 32985K [0x00000000c0000000, 0x0000000100000000)
  region size 1024K, 1 young (1024K), 0 survivors (0K)
 Metaspace       used 45674K, committed 46784K, reserved 1114112K
  class space    used 5902K, committed 6336K, reserved 1048576K
}
Event: 701.919 GC heap after
{Heap after GC invocations=70 (full 61):
 garbage-first heap   total 102400K, used 32985K [0x00000000c0000000, 0x0000000100000000)
  region size 1024K, 0 young (0K), 0 survivors (0K)
 Metaspace       used 45674K, committed 46784K, reserved 1114112K
  class space    used 5902K, committed 6336K, reserved 1048576K
}
Event: 711.971 GC heap before
{Heap before GC invocations=70 (full 61):
 garbage-first heap   total 102400K, used 32985K [0x00000000c0000000, 0x0000000100000000)
  region size 1024K, 1 young (1024K), 0 survivors (0K)
 Metaspace       used 45674K, committed 46784K, reserved 1114112K
  class space    used 5902K, committed 6336K, reserved 1048576K
}
Event: 711.990 GC heap after
{Heap after GC invocations=71 (full 62):
 garbage-first heap   total 102400K, used 32973K [0x00000000c0000000, 0x0000000100000000)
  region size 1024K, 0 young (0K), 0 survivors (0K)
 Metaspace       used 45674K, committed 46784K, reserved 1114112K
  class space    used 5902K, committed 6336K, reserved 1048576K
}
Event: 722.029 GC heap before
{Heap before GC invocations=71 (full 62):
 garbage-first heap   total 102400K, used 32973K [0x00000000c0000000, 0x0000000100000000)
  region size 1024K, 1 young (1024K), 0 survivors (0K)
 Metaspace       used 45674K, committed 46784K, reserved 1114112K
  class space    used 5902K, committed 6336K, reserved 1048576K
}
Event: 722.050 GC heap after
{Heap after GC invocations=72 (full 63):
 garbage-first heap   total 102400K, used 32973K [0x00000000c0000000, 0x0000000100000000)
  region size 1024K, 0 young (0K), 0 survivors (0K)
 Metaspace       used 45674K, committed 46784K, reserved 1114112K
  class space    used 5902K, committed 6336K, reserved 1048576K
}
Event: 732.074 GC heap before
{Heap before GC invocations=72 (full 63):
 garbage-first heap   total 102400K, used 32973K [0x00000000c0000000, 0x0000000100000000)
  region size 1024K, 1 young (1024K), 0 survivors (0K)
 Metaspace       used 45674K, committed 46784K, reserved 1114112K
  class space    used 5902K, committed 6336K, reserved 1048576K
}
Event: 732.092 GC heap after
{Heap after GC invocations=73 (full 64):
 garbage-first heap   total 102400K, used 32973K [0x00000000c0000000, 0x0000000100000000)
  region size 1024K, 0 young (0K), 0 survivors (0K)
 Metaspace       used 45674K, committed 46784K, reserved 1114112K
  class space    used 5902K, committed 6336K, reserved 1048576K
}
Event: 742.120 GC heap before
{Heap before GC invocations=73 (full 64):
 garbage-first heap   total 102400K, used 32973K [0x00000000c0000000, 0x0000000100000000)
  region size 1024K, 1 young (1024K), 0 survivors (0K)
 Metaspace       used 45674K, committed 46784K, reserved 1114112K
  class space    used 5902K, committed 6336K, reserved 1048576K
}
Event: 742.139 GC heap after
{Heap after GC invocations=74 (full 65):
 garbage-first heap   total 102400K, used 32973K [0x00000000c0000000, 0x0000000100000000)
  region size 1024K, 0 young (0K), 0 survivors (0K)
 Metaspace       used 45674K, committed 46784K, reserved 1114112K
  class space    used 5902K, committed 6336K, reserved 1048576K
}
Event: 752.173 GC heap before
{Heap before GC invocations=74 (full 65):
 garbage-first heap   total 102400K, used 32973K [0x00000000c0000000, 0x0000000100000000)
  region size 1024K, 1 young (1024K), 0 survivors (0K)
 Metaspace       used 45674K, committed 46784K, reserved 1114112K
  class space    used 5902K, committed 6336K, reserved 1048576K
}
Event: 752.189 GC heap after
{Heap after GC invocations=75 (full 66):
 garbage-first heap   total 102400K, used 32973K [0x00000000c0000000, 0x0000000100000000)
  region size 1024K, 0 young (0K), 0 survivors (0K)
 Metaspace       used 45674K, committed 46784K, reserved 1114112K
  class space    used 5902K, committed 6336K, reserved 1048576K
}
Event: 762.227 GC heap before
{Heap before GC invocations=75 (full 66):
 garbage-first heap   total 102400K, used 32973K [0x00000000c0000000, 0x0000000100000000)
  region size 1024K, 1 young (1024K), 0 survivors (0K)
 Metaspace       used 45674K, committed 46784K, reserved 1114112K
  class space    used 5902K, committed 6336K, reserved 1048576K
}
Event: 762.243 GC heap after
{Heap after GC invocations=76 (full 67):
 garbage-first heap   total 102400K, used 32973K [0x00000000c0000000, 0x0000000100000000)
  region size 1024K, 0 young (0K), 0 survivors (0K)
 Metaspace       used 45674K, committed 46784K, reserved 1114112K
  class space    used 5902K, committed 6336K, reserved 1048576K
}
Event: 772.285 GC heap before
{Heap before GC invocations=76 (full 67):
 garbage-first heap   total 102400K, used 32973K [0x00000000c0000000, 0x0000000100000000)
  region size 1024K, 1 young (1024K), 0 survivors (0K)
 Metaspace       used 45674K, committed 46784K, reserved 1114112K
  class space    used 5902K, committed 6336K, reserved 1048576K
}
Event: 772.302 GC heap after
{Heap after GC invocations=77 (full 68):
 garbage-first heap   total 102400K, used 32973K [0x00000000c0000000, 0x0000000100000000)
  region size 1024K, 0 young (0K), 0 survivors (0K)
 Metaspace       used 45674K, committed 46784K, reserved 1114112K
  class space    used 5902K, committed 6336K, reserved 1048576K
}
Event: 784.352 GC heap before
{Heap before GC invocations=77 (full 68):
 garbage-first heap   total 102400K, used 32973K [0x00000000c0000000, 0x0000000100000000)
  region size 1024K, 1 young (1024K), 0 survivors (0K)
 Metaspace       used 45674K, committed 46784K, reserved 1114112K
  class space    used 5902K, committed 6336K, reserved 1048576K
}

