# JRE version: OpenJDK Runtime Environment Temurin-21.0.5+11 (21.0.5+11) (build 21.0.5+11-LTS)
# Java VM: OpenJDK 64-Bit Server VM Temurin-21.0.5+11 (21.0.5+11-LTS, mixed mode, emulated-client, sharing, tiered, compressed oops, compressed class ptrs, g1 gc, windows-amd64)
GC Precious Log:
 CardTable entry size: 512
 Card Set container configuration: InlinePtr #cards 5 size 8 Array Of Cards #cards 12 size 40 Howl #buckets 4 coarsen threshold 1843 Howl Bitmap #cards 512 size 80 coarsen threshold 460 Card regions per heap region 1 cards per card region 2048
 CPUs: 8 total, 8 available
 Memory: 7975M
 Large Page Support: Disabled
 NUMA Support: Disabled
 Compressed Oops: Enabled (32-bit)
 Heap Region Size: 1M
 Heap Min Capacity: 8M
 Heap Initial Capacity: 126M
 Heap Max Capacity: 1G
 Pre-touch: Disabled
 Parallel Workers: 8
 Concurrent Workers: 2
 Concurrent Refinement Workers: 8
 Periodic GC: Disabled
Heap:
 garbage-first heap   total 105472K, used 66262K [0x00000000c0000000, 0x0000000100000000)
  region size 1024K, 25 young (25600K), 5 survivors (5120K)
 Metaspace       used 56253K, committed 56960K, reserved 1114112K
  class space    used 6944K, committed 7296K, reserved 1048576K
GC Heap History (20 events):
Event: 701.500 GC heap after
{Heap after GC invocations=61 (full 39):
 garbage-first heap   total 105472K, used 42946K [0x00000000c0000000, 0x0000000100000000)
  region size 1024K, 0 young (0K), 0 survivors (0K)
 Metaspace       used 55996K, committed 56768K, reserved 1114112K
  class space    used 6906K, committed 7296K, reserved 1048576K
}
Event: 711.628 GC heap before
{Heap before GC invocations=61 (full 39):
 garbage-first heap   total 105472K, used 42946K [0x00000000c0000000, 0x0000000100000000)
  region size 1024K, 1 young (1024K), 0 survivors (0K)
 Metaspace       used 55996K, committed 56768K, reserved 1114112K
  class space    used 6906K, committed 7296K, reserved 1048576K
}
Event: 711.655 GC heap after
{Heap after GC invocations=62 (full 40):
 garbage-first heap   total 105472K, used 42888K [0x00000000c0000000, 0x0000000100000000)
  region size 1024K, 0 young (0K), 0 survivors (0K)
 Metaspace       used 55996K, committed 56768K, reserved 1114112K
  class space    used 6906K, committed 7296K, reserved 1048576K
}
Event: 721.856 GC heap before
{Heap before GC invocations=62 (full 40):
 garbage-first heap   total 105472K, used 42888K [0x00000000c0000000, 0x0000000100000000)
  region size 1024K, 1 young (1024K), 0 survivors (0K)
 Metaspace       used 55996K, committed 56768K, reserved 1114112K
  class space    used 6906K, committed 7296K, reserved 1048576K
}
Event: 721.891 GC heap after
{Heap after GC invocations=63 (full 41):
 garbage-first heap   total 105472K, used 42888K [0x00000000c0000000, 0x0000000100000000)
  region size 1024K, 0 young (0K), 0 survivors (0K)
 Metaspace       used 55996K, committed 56768K, reserved 1114112K
  class space    used 6906K, committed 7296K, reserved 1048576K
}
Event: 732.032 GC heap before
{Heap before GC invocations=63 (full 41):
 garbage-first heap   total 105472K, used 42888K [0x00000000c0000000, 0x0000000100000000)
  region size 1024K, 1 young (1024K), 0 survivors (0K)
 Metaspace       used 55996K, committed 56768K, reserved 1114112K
  class space    used 6906K, committed 7296K, reserved 1048576K
}
Event: 732.059 GC heap after
{Heap after GC invocations=64 (full 42):
 garbage-first heap   total 105472K, used 42884K [0x00000000c0000000, 0x0000000100000000)
  region size 1024K, 0 young (0K), 0 survivors (0K)
 Metaspace       used 55996K, committed 56768K, reserved 1114112K
  class space    used 6906K, committed 7296K, reserved 1048576K
}
Event: 763.988 GC heap before
{Heap before GC invocations=64 (full 42):
 garbage-first heap   total 105472K, used 91012K [0x00000000c0000000, 0x0000000100000000)
  region size 1024K, 48 young (49152K), 0 survivors (0K)
 Metaspace       used 56165K, committed 56896K, reserved 1114112K
  class space    used 6928K, committed 7296K, reserved 1048576K
}
Event: 763.992 GC heap after
{Heap after GC invocations=65 (full 42):
 garbage-first heap   total 105472K, used 45174K [0x00000000c0000000, 0x0000000100000000)
  region size 1024K, 3 young (3072K), 3 survivors (3072K)
 Metaspace       used 56165K, committed 56896K, reserved 1114112K
  class space    used 6928K, committed 7296K, reserved 1048576K
}
Event: 781.937 GC heap before
{Heap before GC invocations=66 (full 42):
 garbage-first heap   total 105472K, used 93302K [0x00000000c0000000, 0x0000000100000000)
  region size 1024K, 50 young (51200K), 3 survivors (3072K)
 Metaspace       used 56132K, committed 56896K, reserved 1114112K
  class space    used 6919K, committed 7296K, reserved 1048576K
}
Event: 781.941 GC heap after
{Heap after GC invocations=67 (full 42):
 garbage-first heap   total 105472K, used 45584K [0x00000000c0000000, 0x0000000100000000)
  region size 1024K, 3 young (3072K), 3 survivors (3072K)
 Metaspace       used 56132K, committed 56896K, reserved 1114112K
  class space    used 6919K, committed 7296K, reserved 1048576K
}
Event: 793.805 GC heap before
{Heap before GC invocations=67 (full 42):
 garbage-first heap   total 105472K, used 92688K [0x00000000c0000000, 0x0000000100000000)
  region size 1024K, 50 young (51200K), 3 survivors (3072K)
 Metaspace       used 56155K, committed 56896K, reserved 1114112K
  class space    used 6924K, committed 7296K, reserved 1048576K
}
Event: 793.807 GC heap after
{Heap after GC invocations=68 (full 42):
 garbage-first heap   total 105472K, used 44171K [0x00000000c0000000, 0x0000000100000000)
  region size 1024K, 2 young (2048K), 2 survivors (2048K)
 Metaspace       used 56155K, committed 56896K, reserved 1114112K
  class space    used 6924K, committed 7296K, reserved 1048576K
}
Event: 817.035 GC heap before
{Heap before GC invocations=68 (full 42):
 garbage-first heap   total 105472K, used 96395K [0x00000000c0000000, 0x0000000100000000)
  region size 1024K, 53 young (54272K), 2 survivors (2048K)
 Metaspace       used 56169K, committed 56896K, reserved 1114112K
  class space    used 6924K, committed 7296K, reserved 1048576K
}
Event: 817.041 GC heap after
{Heap after GC invocations=69 (full 42):
 garbage-first heap   total 105472K, used 45507K [0x00000000c0000000, 0x0000000100000000)
  region size 1024K, 3 young (3072K), 3 survivors (3072K)
 Metaspace       used 56169K, committed 56896K, reserved 1114112K
  class space    used 6924K, committed 7296K, reserved 1048576K
}
Event: 841.470 GC heap before
{Heap before GC invocations=70 (full 42):
 garbage-first heap   total 105472K, used 95683K [0x00000000c0000000, 0x0000000100000000)
  region size 1024K, 52 young (53248K), 3 survivors (3072K)
 Metaspace       used 56212K, committed 56896K, reserved 1114112K
  class space    used 6933K, committed 7296K, reserved 1048576K
}
Event: 841.482 GC heap after
{Heap after GC invocations=71 (full 42):
 garbage-first heap   total 105472K, used 45670K [0x00000000c0000000, 0x0000000100000000)
  region size 1024K, 3 young (3072K), 3 survivors (3072K)
 Metaspace       used 56212K, committed 56896K, reserved 1114112K
  class space    used 6933K, committed 7296K, reserved 1048576K
}
Event: 854.193 GC heap before
{Heap before GC invocations=71 (full 42):
 garbage-first heap   total 105472K, used 94822K [0x00000000c0000000, 0x0000000100000000)
  region size 1024K, 52 young (53248K), 3 survivors (3072K)
 Metaspace       used 56216K, committed 56896K, reserved 1114112K
  class space    used 6934K, committed 7296K, reserved 1048576K
}
Event: 854.202 GC heap after
{Heap after GC invocations=72 (full 42):
 garbage-first heap   total 105472K, used 46806K [0x00000000c0000000, 0x0000000100000000)
  region size 1024K, 5 young (5120K), 5 survivors (5120K)
 Metaspace       used 56216K, committed 56896K, reserved 1114112K
  class space    used 6934K, committed 7296K, reserved 1048576K
}
Event: 894.344 GC heap before
{Heap before GC invocations=72 (full 42):
 garbage-first heap   total 105472K, used 66262K [0x00000000c0000000, 0x0000000100000000)
  region size 1024K, 25 young (25600K), 5 survivors (5120K)
 Metaspace       used 56253K, committed 56960K, reserved 1114112K
  class space    used 6944K, committed 7296K, reserved 1048576K
}

