# JRE version: OpenJDK Runtime Environment Temurin-21.0.5+11 (21.0.5+11) (build 21.0.5+11-LTS)
# Java VM: OpenJDK 64-Bit Server VM Temurin-21.0.5+11 (21.0.5+11-LTS, mixed mode, emulated-client, sharing, tiered, compressed oops, compressed class ptrs, g1 gc, windows-amd64)
GC Precious Log:
 CardTable entry size: 512
 Card Set container configuration: InlinePtr #cards 5 size 8 Array Of Cards #cards 12 size 40 Howl #buckets 4 coarsen threshold 1843 Howl Bitmap #cards 512 size 80 coarsen threshold 460 Card regions per heap region 1 cards per card region 2048
 CPUs: 8 total, 8 available
 Memory: 7975M
 Large Page Support: Disabled
 NUMA Support: Disabled
 Compressed Oops: Enabled (32-bit)
 Heap Region Size: 1M
 Heap Min Capacity: 8M
 Heap Initial Capacity: 126M
 Heap Max Capacity: 1G
 Pre-touch: Disabled
 Parallel Workers: 8
 Concurrent Workers: 2
 Concurrent Refinement Workers: 8
 Periodic GC: Disabled
Heap:
 garbage-first heap   total 105472K, used 41845K [0x00000000c0000000, 0x0000000100000000)
  region size 1024K, 1 young (1024K), 0 survivors (0K)
 Metaspace       used 55439K, committed 56640K, reserved 1114112K
  class space    used 6772K, committed 7232K, reserved 1048576K
GC Heap History (20 events):
Event: 101589.663 GC heap after
{Heap after GC invocations=719 (full 705):
 garbage-first heap   total 105472K, used 41845K [0x00000000c0000000, 0x0000000100000000)
  region size 1024K, 0 young (0K), 0 survivors (0K)
 Metaspace       used 55439K, committed 56640K, reserved 1114112K
  class space    used 6772K, committed 7232K, reserved 1048576K
}
Event: 101599.986 GC heap before
{Heap before GC invocations=719 (full 705):
 garbage-first heap   total 105472K, used 41845K [0x00000000c0000000, 0x0000000100000000)
  region size 1024K, 1 young (1024K), 0 survivors (0K)
 Metaspace       used 55439K, committed 56640K, reserved 1114112K
  class space    used 6772K, committed 7232K, reserved 1048576K
}
Event: 101600.036 GC heap after
{Heap after GC invocations=720 (full 706):
 garbage-first heap   total 105472K, used 41845K [0x00000000c0000000, 0x0000000100000000)
  region size 1024K, 0 young (0K), 0 survivors (0K)
 Metaspace       used 55439K, committed 56640K, reserved 1114112K
  class space    used 6772K, committed 7232K, reserved 1048576K
}
Event: 101610.328 GC heap before
{Heap before GC invocations=720 (full 706):
 garbage-first heap   total 105472K, used 41845K [0x00000000c0000000, 0x0000000100000000)
  region size 1024K, 1 young (1024K), 0 survivors (0K)
 Metaspace       used 55439K, committed 56640K, reserved 1114112K
  class space    used 6772K, committed 7232K, reserved 1048576K
}
Event: 101610.377 GC heap after
{Heap after GC invocations=721 (full 707):
 garbage-first heap   total 105472K, used 41845K [0x00000000c0000000, 0x0000000100000000)
  region size 1024K, 0 young (0K), 0 survivors (0K)
 Metaspace       used 55439K, committed 56640K, reserved 1114112K
  class space    used 6772K, committed 7232K, reserved 1048576K
}
Event: 101620.688 GC heap before
{Heap before GC invocations=721 (full 707):
 garbage-first heap   total 105472K, used 41845K [0x00000000c0000000, 0x0000000100000000)
  region size 1024K, 1 young (1024K), 0 survivors (0K)
 Metaspace       used 55439K, committed 56640K, reserved 1114112K
  class space    used 6772K, committed 7232K, reserved 1048576K
}
Event: 101620.735 GC heap after
{Heap after GC invocations=722 (full 708):
 garbage-first heap   total 105472K, used 41845K [0x00000000c0000000, 0x0000000100000000)
  region size 1024K, 0 young (0K), 0 survivors (0K)
 Metaspace       used 55439K, committed 56640K, reserved 1114112K
  class space    used 6772K, committed 7232K, reserved 1048576K
}
Event: 101630.920 GC heap before
{Heap before GC invocations=722 (full 708):
 garbage-first heap   total 105472K, used 41845K [0x00000000c0000000, 0x0000000100000000)
  region size 1024K, 1 young (1024K), 0 survivors (0K)
 Metaspace       used 55439K, committed 56640K, reserved 1114112K
  class space    used 6772K, committed 7232K, reserved 1048576K
}
Event: 101630.956 GC heap after
{Heap after GC invocations=723 (full 709):
 garbage-first heap   total 105472K, used 41845K [0x00000000c0000000, 0x0000000100000000)
  region size 1024K, 0 young (0K), 0 survivors (0K)
 Metaspace       used 55439K, committed 56640K, reserved 1114112K
  class space    used 6772K, committed 7232K, reserved 1048576K
}
Event: 101641.144 GC heap before
{Heap before GC invocations=723 (full 709):
 garbage-first heap   total 105472K, used 41845K [0x00000000c0000000, 0x0000000100000000)
  region size 1024K, 1 young (1024K), 0 survivors (0K)
 Metaspace       used 55439K, committed 56640K, reserved 1114112K
  class space    used 6772K, committed 7232K, reserved 1048576K
}
Event: 101641.179 GC heap after
{Heap after GC invocations=724 (full 710):
 garbage-first heap   total 105472K, used 41845K [0x00000000c0000000, 0x0000000100000000)
  region size 1024K, 0 young (0K), 0 survivors (0K)
 Metaspace       used 55439K, committed 56640K, reserved 1114112K
  class space    used 6772K, committed 7232K, reserved 1048576K
}
Event: 101651.595 GC heap before
{Heap before GC invocations=724 (full 710):
 garbage-first heap   total 105472K, used 41845K [0x00000000c0000000, 0x0000000100000000)
  region size 1024K, 1 young (1024K), 0 survivors (0K)
 Metaspace       used 55439K, committed 56640K, reserved 1114112K
  class space    used 6772K, committed 7232K, reserved 1048576K
}
Event: 101651.644 GC heap after
{Heap after GC invocations=725 (full 711):
 garbage-first heap   total 105472K, used 41845K [0x00000000c0000000, 0x0000000100000000)
  region size 1024K, 0 young (0K), 0 survivors (0K)
 Metaspace       used 55439K, committed 56640K, reserved 1114112K
  class space    used 6772K, committed 7232K, reserved 1048576K
}
Event: 101661.816 GC heap before
{Heap before GC invocations=725 (full 711):
 garbage-first heap   total 105472K, used 41845K [0x00000000c0000000, 0x0000000100000000)
  region size 1024K, 1 young (1024K), 0 survivors (0K)
 Metaspace       used 55439K, committed 56640K, reserved 1114112K
  class space    used 6772K, committed 7232K, reserved 1048576K
}
Event: 101661.853 GC heap after
{Heap after GC invocations=726 (full 712):
 garbage-first heap   total 105472K, used 41845K [0x00000000c0000000, 0x0000000100000000)
  region size 1024K, 0 young (0K), 0 survivors (0K)
 Metaspace       used 55439K, committed 56640K, reserved 1114112K
  class space    used 6772K, committed 7232K, reserved 1048576K
}
Event: 101673.999 GC heap before
{Heap before GC invocations=726 (full 712):
 garbage-first heap   total 105472K, used 41845K [0x00000000c0000000, 0x0000000100000000)
  region size 1024K, 1 young (1024K), 0 survivors (0K)
 Metaspace       used 55439K, committed 56640K, reserved 1114112K
  class space    used 6772K, committed 7232K, reserved 1048576K
}
Event: 101674.028 GC heap after
{Heap after GC invocations=727 (full 713):
 garbage-first heap   total 105472K, used 41845K [0x00000000c0000000, 0x0000000100000000)
  region size 1024K, 0 young (0K), 0 survivors (0K)
 Metaspace       used 55439K, committed 56640K, reserved 1114112K
  class space    used 6772K, committed 7232K, reserved 1048576K
}
Event: 101684.162 GC heap before
{Heap before GC invocations=727 (full 713):
 garbage-first heap   total 105472K, used 41845K [0x00000000c0000000, 0x0000000100000000)
  region size 1024K, 1 young (1024K), 0 survivors (0K)
 Metaspace       used 55439K, committed 56640K, reserved 1114112K
  class space    used 6772K, committed 7232K, reserved 1048576K
}
Event: 101684.189 GC heap after
{Heap after GC invocations=728 (full 714):
 garbage-first heap   total 105472K, used 41845K [0x00000000c0000000, 0x0000000100000000)
  region size 1024K, 0 young (0K), 0 survivors (0K)
 Metaspace       used 55439K, committed 56640K, reserved 1114112K
  class space    used 6772K, committed 7232K, reserved 1048576K
}
Event: 101696.633 GC heap before
{Heap before GC invocations=728 (full 714):
 garbage-first heap   total 105472K, used 41845K [0x00000000c0000000, 0x0000000100000000)
  region size 1024K, 1 young (1024K), 0 survivors (0K)
 Metaspace       used 55439K, committed 56640K, reserved 1114112K
  class space    used 6772K, committed 7232K, reserved 1048576K
}

