# JRE version: OpenJDK Runtime Environment Temurin-21.0.5+11 (21.0.5+11) (build 21.0.5+11-LTS)
# Java VM: OpenJDK 64-Bit Server VM Temurin-21.0.5+11 (21.0.5+11-LTS, mixed mode, emulated-client, sharing, tiered, compressed oops, compressed class ptrs, g1 gc, windows-amd64)
GC Precious Log:
 CardTable entry size: 512
 Card Set container configuration: InlinePtr #cards 5 size 8 Array Of Cards #cards 12 size 40 Howl #buckets 4 coarsen threshold 1843 Howl Bitmap #cards 512 size 80 coarsen threshold 460 Card regions per heap region 1 cards per card region 2048
 CPUs: 8 total, 8 available
 Memory: 7975M
 Large Page Support: Disabled
 NUMA Support: Disabled
 Compressed Oops: Enabled (32-bit)
 Heap Region Size: 1M
 Heap Min Capacity: 8M
 Heap Initial Capacity: 126M
 Heap Max Capacity: 1G
 Pre-touch: Disabled
 Parallel Workers: 8
 Concurrent Workers: 2
 Concurrent Refinement Workers: 8
 Periodic GC: Disabled
Heap:
 garbage-first heap   total 89088K, used 43628K [0x00000000c0000000, 0x0000000100000000)
  region size 1024K, 1 young (1024K), 0 survivors (0K)
 Metaspace       used 56374K, committed 57024K, reserved 1114112K
  class space    used 6975K, committed 7296K, reserved 1048576K
GC Heap History (20 events):
Event: 3634.432 GC heap after
{Heap after GC invocations=313 (full 268):
 garbage-first heap   total 89088K, used 44133K [0x00000000c0000000, 0x0000000100000000)
  region size 1024K, 0 young (0K), 0 survivors (0K)
 Metaspace       used 56374K, committed 57024K, reserved 1114112K
  class space    used 6975K, committed 7296K, reserved 1048576K
}
Event: 3644.558 GC heap before
{Heap before GC invocations=313 (full 268):
 garbage-first heap   total 89088K, used 44133K [0x00000000c0000000, 0x0000000100000000)
  region size 1024K, 1 young (1024K), 0 survivors (0K)
 Metaspace       used 56374K, committed 57024K, reserved 1114112K
  class space    used 6975K, committed 7296K, reserved 1048576K
}
Event: 3644.591 GC heap after
{Heap after GC invocations=314 (full 269):
 garbage-first heap   total 89088K, used 44133K [0x00000000c0000000, 0x0000000100000000)
  region size 1024K, 0 young (0K), 0 survivors (0K)
 Metaspace       used 56374K, committed 57024K, reserved 1114112K
  class space    used 6975K, committed 7296K, reserved 1048576K
}
Event: 3654.700 GC heap before
{Heap before GC invocations=314 (full 269):
 garbage-first heap   total 89088K, used 44133K [0x00000000c0000000, 0x0000000100000000)
  region size 1024K, 1 young (1024K), 0 survivors (0K)
 Metaspace       used 56374K, committed 57024K, reserved 1114112K
  class space    used 6975K, committed 7296K, reserved 1048576K
}
Event: 3654.730 GC heap after
{Heap after GC invocations=315 (full 270):
 garbage-first heap   total 89088K, used 44133K [0x00000000c0000000, 0x0000000100000000)
  region size 1024K, 0 young (0K), 0 survivors (0K)
 Metaspace       used 56374K, committed 57024K, reserved 1114112K
  class space    used 6975K, committed 7296K, reserved 1048576K
}
Event: 3704.873 GC heap before
{Heap before GC invocations=315 (full 270):
 garbage-first heap   total 89088K, used 48229K [0x00000000c0000000, 0x0000000100000000)
  region size 1024K, 6 young (6144K), 0 survivors (0K)
 Metaspace       used 56450K, committed 57088K, reserved 1114112K
  class space    used 6994K, committed 7296K, reserved 1048576K
}
Event: 3704.908 GC heap after
{Heap after GC invocations=316 (full 271):
 garbage-first heap   total 89088K, used 43900K [0x00000000c0000000, 0x0000000100000000)
  region size 1024K, 0 young (0K), 0 survivors (0K)
 Metaspace       used 56450K, committed 57088K, reserved 1114112K
  class space    used 6994K, committed 7296K, reserved 1048576K
}
Event: 3715.033 GC heap before
{Heap before GC invocations=316 (full 271):
 garbage-first heap   total 89088K, used 43900K [0x00000000c0000000, 0x0000000100000000)
  region size 1024K, 1 young (1024K), 0 survivors (0K)
 Metaspace       used 56450K, committed 57088K, reserved 1114112K
  class space    used 6994K, committed 7296K, reserved 1048576K
}
Event: 3715.071 GC heap after
{Heap after GC invocations=317 (full 272):
 garbage-first heap   total 89088K, used 43630K [0x00000000c0000000, 0x0000000100000000)
  region size 1024K, 0 young (0K), 0 survivors (0K)
 Metaspace       used 56374K, committed 57024K, reserved 1114112K
  class space    used 6975K, committed 7296K, reserved 1048576K
}
Event: 3725.173 GC heap before
{Heap before GC invocations=317 (full 272):
 garbage-first heap   total 89088K, used 43630K [0x00000000c0000000, 0x0000000100000000)
  region size 1024K, 1 young (1024K), 0 survivors (0K)
 Metaspace       used 56374K, committed 57024K, reserved 1114112K
  class space    used 6975K, committed 7296K, reserved 1048576K
}
Event: 3725.200 GC heap after
{Heap after GC invocations=318 (full 273):
 garbage-first heap   total 89088K, used 43628K [0x00000000c0000000, 0x0000000100000000)
  region size 1024K, 0 young (0K), 0 survivors (0K)
 Metaspace       used 56374K, committed 57024K, reserved 1114112K
  class space    used 6975K, committed 7296K, reserved 1048576K
}
Event: 3735.298 GC heap before
{Heap before GC invocations=318 (full 273):
 garbage-first heap   total 89088K, used 43628K [0x00000000c0000000, 0x0000000100000000)
  region size 1024K, 1 young (1024K), 0 survivors (0K)
 Metaspace       used 56374K, committed 57024K, reserved 1114112K
  class space    used 6975K, committed 7296K, reserved 1048576K
}
Event: 3735.325 GC heap after
{Heap after GC invocations=319 (full 274):
 garbage-first heap   total 89088K, used 43628K [0x00000000c0000000, 0x0000000100000000)
  region size 1024K, 0 young (0K), 0 survivors (0K)
 Metaspace       used 56374K, committed 57024K, reserved 1114112K
  class space    used 6975K, committed 7296K, reserved 1048576K
}
Event: 3745.421 GC heap before
{Heap before GC invocations=319 (full 274):
 garbage-first heap   total 89088K, used 43628K [0x00000000c0000000, 0x0000000100000000)
  region size 1024K, 1 young (1024K), 0 survivors (0K)
 Metaspace       used 56374K, committed 57024K, reserved 1114112K
  class space    used 6975K, committed 7296K, reserved 1048576K
}
Event: 3745.447 GC heap after
{Heap after GC invocations=320 (full 275):
 garbage-first heap   total 89088K, used 43628K [0x00000000c0000000, 0x0000000100000000)
  region size 1024K, 0 young (0K), 0 survivors (0K)
 Metaspace       used 56374K, committed 57024K, reserved 1114112K
  class space    used 6975K, committed 7296K, reserved 1048576K
}
Event: 3755.587 GC heap before
{Heap before GC invocations=320 (full 275):
 garbage-first heap   total 89088K, used 43628K [0x00000000c0000000, 0x0000000100000000)
  region size 1024K, 1 young (1024K), 0 survivors (0K)
 Metaspace       used 56374K, committed 57024K, reserved 1114112K
  class space    used 6975K, committed 7296K, reserved 1048576K
}
Event: 3755.617 GC heap after
{Heap after GC invocations=321 (full 276):
 garbage-first heap   total 89088K, used 43628K [0x00000000c0000000, 0x0000000100000000)
  region size 1024K, 0 young (0K), 0 survivors (0K)
 Metaspace       used 56374K, committed 57024K, reserved 1114112K
  class space    used 6975K, committed 7296K, reserved 1048576K
}
Event: 3765.864 GC heap before
{Heap before GC invocations=321 (full 276):
 garbage-first heap   total 89088K, used 43628K [0x00000000c0000000, 0x0000000100000000)
  region size 1024K, 1 young (1024K), 0 survivors (0K)
 Metaspace       used 56374K, committed 57024K, reserved 1114112K
  class space    used 6975K, committed 7296K, reserved 1048576K
}
Event: 3765.905 GC heap after
{Heap after GC invocations=322 (full 277):
 garbage-first heap   total 89088K, used 43628K [0x00000000c0000000, 0x0000000100000000)
  region size 1024K, 0 young (0K), 0 survivors (0K)
 Metaspace       used 56374K, committed 57024K, reserved 1114112K
  class space    used 6975K, committed 7296K, reserved 1048576K
}
Event: 3779.016 GC heap before
{Heap before GC invocations=322 (full 277):
 garbage-first heap   total 89088K, used 43628K [0x00000000c0000000, 0x0000000100000000)
  region size 1024K, 1 young (1024K), 0 survivors (0K)
 Metaspace       used 56374K, committed 57024K, reserved 1114112K
  class space    used 6975K, committed 7296K, reserved 1048576K
}

